INFO:__main__:Data import has been set off. Collection: GolomtFAQ.
INFO:sentence_transformers.SentenceTransformer:Use pytorch device_name: cpu
INFO:sentence_transformers.SentenceTransformer:Load pretrained SentenceTransformer: jinaai/jina-embeddings-v3
INFO:sentence_transformers.SentenceTransformer:5 prompts are loaded, with the keys: ['retrieval.query', 'retrieval.passage', 'separation', 'classification', 'text-matching']
INFO:httpx:HTTP Request: GET http://localhost:8080/v1/.well-known/openid-configuration "HTTP/1.1 404 Not Found"
INFO:httpx:HTTP Request: GET http://localhost:8080/v1/meta "HTTP/1.1 200 OK"
INFO:httpx:HTTP Request: GET https://pypi.org/pypi/weaviate-client/json "HTTP/1.1 200 OK"
INFO:httpx:HTTP Request: GET http://localhost:8080/v1/.well-known/ready "HTTP/1.1 200 OK"
INFO:__main__:
Batch=5325 embedding kicks off:
INFO:__main__:Batch=5325 embedding done: set_question/response_embedded=25
INFO:httpx:HTTP Request: GET http://localhost:8080/v1/schema/GolomtFAQ "HTTP/1.1 200 OK"
INFO:httpx:HTTP Request: GET http://localhost:8080/v1/nodes "HTTP/1.1 200 OK"
INFO:__main__:golomtfaq.batch.failed_objects:
INFO:__main__:[]
INFO:__main__:Batch=5325 insertion done.

INFO:__main__:
Batch=5350 embedding kicks off:
INFO:__main__:Batch=5350 embedding done: set_question/response_embedded=25
INFO:httpx:HTTP Request: GET http://localhost:8080/v1/nodes "HTTP/1.1 200 OK"
INFO:__main__:golomtfaq.batch.failed_objects:
INFO:__main__:[]
INFO:__main__:Batch=5350 insertion done.

INFO:__main__:
Batch=5375 embedding kicks off:
INFO:__main__:Data import has been set off. Collection: GolomtFAQ.
INFO:sentence_transformers.SentenceTransformer:Use pytorch device_name: cpu
INFO:sentence_transformers.SentenceTransformer:Load pretrained SentenceTransformer: jinaai/jina-embeddings-v3
INFO:sentence_transformers.SentenceTransformer:5 prompts are loaded, with the keys: ['retrieval.query', 'retrieval.passage', 'separation', 'classification', 'text-matching']
INFO:httpx:HTTP Request: GET http://localhost:8080/v1/.well-known/openid-configuration "HTTP/1.1 404 Not Found"
INFO:httpx:HTTP Request: GET http://localhost:8080/v1/meta "HTTP/1.1 200 OK"
INFO:httpx:HTTP Request: GET https://pypi.org/pypi/weaviate-client/json "HTTP/1.1 200 OK"
INFO:httpx:HTTP Request: GET http://localhost:8080/v1/.well-known/ready "HTTP/1.1 200 OK"
INFO:__main__:
Batch=5375 embedding kicks off:
INFO:__main__:Batch=5375 embedding done: set_question/response_embedded=10
INFO:httpx:HTTP Request: GET http://localhost:8080/v1/schema/GolomtFAQ "HTTP/1.1 200 OK"
INFO:httpx:HTTP Request: GET http://localhost:8080/v1/nodes "HTTP/1.1 200 OK"
INFO:__main__:golomtfaq.batch.failed_objects:
INFO:__main__:[]
INFO:__main__:Batch=5375 insertion done.

INFO:__main__:
Batch=5385 embedding kicks off:
INFO:__main__:Batch=5385 embedding done: set_question/response_embedded=10
INFO:httpx:HTTP Request: GET http://localhost:8080/v1/nodes "HTTP/1.1 200 OK"
INFO:__main__:golomtfaq.batch.failed_objects:
INFO:__main__:[]
INFO:__main__:Batch=5385 insertion done.

INFO:__main__:
Batch=5395 embedding kicks off:
INFO:__main__:Batch=5395 embedding done: set_question/response_embedded=10
INFO:httpx:HTTP Request: GET http://localhost:8080/v1/nodes "HTTP/1.1 200 OK"
INFO:__main__:golomtfaq.batch.failed_objects:
INFO:__main__:[]
INFO:__main__:Batch=5395 insertion done.

INFO:__main__:
Batch=5405 embedding kicks off:
INFO:__main__:Batch=5405 embedding done: set_question/response_embedded=10
INFO:httpx:HTTP Request: GET http://localhost:8080/v1/nodes "HTTP/1.1 200 OK"
INFO:__main__:golomtfaq.batch.failed_objects:
INFO:__main__:[]
INFO:__main__:Batch=5405 insertion done.

INFO:__main__:
Batch=5415 embedding kicks off:
INFO:__main__:Batch=5415 embedding done: set_question/response_embedded=10
INFO:httpx:HTTP Request: GET http://localhost:8080/v1/nodes "HTTP/1.1 200 OK"
INFO:__main__:golomtfaq.batch.failed_objects:
INFO:__main__:[]
INFO:__main__:Batch=5415 insertion done.

INFO:__main__:
Batch=5425 embedding kicks off:
INFO:__main__:Batch=5425 embedding done: set_question/response_embedded=10
INFO:httpx:HTTP Request: GET http://localhost:8080/v1/nodes "HTTP/1.1 200 OK"
INFO:__main__:golomtfaq.batch.failed_objects:
INFO:__main__:[]
INFO:__main__:Batch=5425 insertion done.

INFO:__main__:
Batch=5435 embedding kicks off:
INFO:__main__:Batch=5435 embedding done: set_question/response_embedded=10
INFO:httpx:HTTP Request: GET http://localhost:8080/v1/nodes "HTTP/1.1 200 OK"
INFO:__main__:golomtfaq.batch.failed_objects:
INFO:__main__:[]
INFO:__main__:Batch=5435 insertion done.

INFO:__main__:
Batch=5445 embedding kicks off:
INFO:__main__:Batch=5445 embedding done: set_question/response_embedded=10
INFO:httpx:HTTP Request: GET http://localhost:8080/v1/nodes "HTTP/1.1 200 OK"
INFO:__main__:golomtfaq.batch.failed_objects:
INFO:__main__:[]
INFO:__main__:Batch=5445 insertion done.

INFO:__main__:
Batch=5455 embedding kicks off:
INFO:__main__:Batch=5455 embedding done: set_question/response_embedded=10
INFO:httpx:HTTP Request: GET http://localhost:8080/v1/nodes "HTTP/1.1 200 OK"
INFO:__main__:golomtfaq.batch.failed_objects:
INFO:__main__:[]
INFO:__main__:Batch=5455 insertion done.

INFO:__main__:
Batch=5465 embedding kicks off:
INFO:__main__:Batch=5465 embedding done: set_question/response_embedded=10
INFO:httpx:HTTP Request: GET http://localhost:8080/v1/nodes "HTTP/1.1 200 OK"
INFO:__main__:golomtfaq.batch.failed_objects:
INFO:__main__:[]
INFO:__main__:Batch=5465 insertion done.

INFO:__main__:
Batch=5475 embedding kicks off:
INFO:__main__:Batch=5475 embedding done: set_question/response_embedded=10
INFO:httpx:HTTP Request: GET http://localhost:8080/v1/nodes "HTTP/1.1 200 OK"
INFO:__main__:golomtfaq.batch.failed_objects:
INFO:__main__:[]
INFO:__main__:Batch=5475 insertion done.

INFO:__main__:
Batch=5485 embedding kicks off:
INFO:__main__:Batch=5485 embedding done: set_question/response_embedded=10
INFO:httpx:HTTP Request: GET http://localhost:8080/v1/nodes "HTTP/1.1 200 OK"
INFO:__main__:golomtfaq.batch.failed_objects:
INFO:__main__:[]
INFO:__main__:Batch=5485 insertion done.

INFO:__main__:
Batch=5495 embedding kicks off:
INFO:__main__:Batch=5495 embedding done: set_question/response_embedded=10
INFO:httpx:HTTP Request: GET http://localhost:8080/v1/nodes "HTTP/1.1 200 OK"
INFO:__main__:golomtfaq.batch.failed_objects:
INFO:__main__:[]
INFO:__main__:Batch=5495 insertion done.

INFO:__main__:
Batch=5505 embedding kicks off:
INFO:__main__:Batch=5505 embedding done: set_question/response_embedded=10
INFO:httpx:HTTP Request: GET http://localhost:8080/v1/nodes "HTTP/1.1 200 OK"
INFO:__main__:golomtfaq.batch.failed_objects:
INFO:__main__:[]
INFO:__main__:Batch=5505 insertion done.

INFO:__main__:
Batch=5515 embedding kicks off:
INFO:__main__:Batch=5515 embedding done: set_question/response_embedded=10
INFO:httpx:HTTP Request: GET http://localhost:8080/v1/nodes "HTTP/1.1 200 OK"
INFO:__main__:golomtfaq.batch.failed_objects:
INFO:__main__:[]
INFO:__main__:Batch=5515 insertion done.

INFO:__main__:
Batch=5525 embedding kicks off:
INFO:__main__:Batch=5525 embedding done: set_question/response_embedded=10
INFO:httpx:HTTP Request: GET http://localhost:8080/v1/nodes "HTTP/1.1 200 OK"
INFO:__main__:golomtfaq.batch.failed_objects:
INFO:__main__:[]
INFO:__main__:Batch=5525 insertion done.

INFO:__main__:
Batch=5535 embedding kicks off:
INFO:__main__:Batch=5535 embedding done: set_question/response_embedded=10
INFO:httpx:HTTP Request: GET http://localhost:8080/v1/nodes "HTTP/1.1 200 OK"
INFO:__main__:golomtfaq.batch.failed_objects:
INFO:__main__:[]
INFO:__main__:Batch=5535 insertion done.

INFO:__main__:
Batch=5545 embedding kicks off:
INFO:__main__:Batch=5545 embedding done: set_question/response_embedded=10
INFO:httpx:HTTP Request: GET http://localhost:8080/v1/nodes "HTTP/1.1 200 OK"
INFO:__main__:golomtfaq.batch.failed_objects:
INFO:__main__:[]
INFO:__main__:Batch=5545 insertion done.

INFO:__main__:
Batch=5555 embedding kicks off:
INFO:__main__:Batch=5555 embedding done: set_question/response_embedded=10
INFO:httpx:HTTP Request: GET http://localhost:8080/v1/nodes "HTTP/1.1 200 OK"
INFO:__main__:golomtfaq.batch.failed_objects:
INFO:__main__:[]
INFO:__main__:Batch=5555 insertion done.

INFO:__main__:
Batch=5565 embedding kicks off:
INFO:__main__:Batch=5565 embedding done: set_question/response_embedded=10
INFO:httpx:HTTP Request: GET http://localhost:8080/v1/nodes "HTTP/1.1 200 OK"
INFO:__main__:golomtfaq.batch.failed_objects:
INFO:__main__:[]
INFO:__main__:Batch=5565 insertion done.

INFO:__main__:
Batch=5575 embedding kicks off:
INFO:__main__:Batch=5575 embedding done: set_question/response_embedded=10
INFO:httpx:HTTP Request: GET http://localhost:8080/v1/nodes "HTTP/1.1 200 OK"
INFO:__main__:golomtfaq.batch.failed_objects:
INFO:__main__:[]
INFO:__main__:Batch=5575 insertion done.

INFO:__main__:
Batch=5585 embedding kicks off:
INFO:__main__:Batch=5585 embedding done: set_question/response_embedded=10
INFO:httpx:HTTP Request: GET http://localhost:8080/v1/nodes "HTTP/1.1 200 OK"
INFO:__main__:golomtfaq.batch.failed_objects:
INFO:__main__:[]
INFO:__main__:Batch=5585 insertion done.

INFO:__main__:
Batch=5595 embedding kicks off:
INFO:__main__:Batch=5595 embedding done: set_question/response_embedded=10
INFO:httpx:HTTP Request: GET http://localhost:8080/v1/nodes "HTTP/1.1 200 OK"
INFO:__main__:golomtfaq.batch.failed_objects:
INFO:__main__:[]
INFO:__main__:Batch=5595 insertion done.

INFO:__main__:
Batch=5605 embedding kicks off:
INFO:__main__:Batch=5605 embedding done: set_question/response_embedded=10
INFO:httpx:HTTP Request: GET http://localhost:8080/v1/nodes "HTTP/1.1 200 OK"
INFO:__main__:golomtfaq.batch.failed_objects:
INFO:__main__:[]
INFO:__main__:Batch=5605 insertion done.

INFO:__main__:
Batch=5615 embedding kicks off:
INFO:__main__:Batch=5615 embedding done: set_question/response_embedded=10
INFO:httpx:HTTP Request: GET http://localhost:8080/v1/nodes "HTTP/1.1 200 OK"
INFO:__main__:golomtfaq.batch.failed_objects:
INFO:__main__:[]
INFO:__main__:Batch=5615 insertion done.

INFO:__main__:
Batch=5625 embedding kicks off:
INFO:__main__:Batch=5625 embedding done: set_question/response_embedded=10
INFO:httpx:HTTP Request: GET http://localhost:8080/v1/nodes "HTTP/1.1 200 OK"
INFO:__main__:golomtfaq.batch.failed_objects:
INFO:__main__:[]
INFO:__main__:Batch=5625 insertion done.

INFO:__main__:
Batch=5635 embedding kicks off:
INFO:__main__:Batch=5635 embedding done: set_question/response_embedded=10
INFO:httpx:HTTP Request: GET http://localhost:8080/v1/nodes "HTTP/1.1 200 OK"
INFO:__main__:golomtfaq.batch.failed_objects:
INFO:__main__:[]
INFO:__main__:Batch=5635 insertion done.

INFO:__main__:
Batch=5645 embedding kicks off:
INFO:__main__:Batch=5645 embedding done: set_question/response_embedded=10
INFO:httpx:HTTP Request: GET http://localhost:8080/v1/nodes "HTTP/1.1 200 OK"
INFO:__main__:golomtfaq.batch.failed_objects:
INFO:__main__:[]
INFO:__main__:Batch=5645 insertion done.

INFO:__main__:
Batch=5655 embedding kicks off:
INFO:__main__:Batch=5655 embedding done: set_question/response_embedded=10
INFO:httpx:HTTP Request: GET http://localhost:8080/v1/nodes "HTTP/1.1 200 OK"
INFO:__main__:golomtfaq.batch.failed_objects:
INFO:__main__:[]
INFO:__main__:Batch=5655 insertion done.

INFO:__main__:
Batch=5665 embedding kicks off:
INFO:__main__:Batch=5665 embedding done: set_question/response_embedded=10
INFO:httpx:HTTP Request: GET http://localhost:8080/v1/nodes "HTTP/1.1 200 OK"
INFO:__main__:golomtfaq.batch.failed_objects:
INFO:__main__:[]
INFO:__main__:Batch=5665 insertion done.

INFO:__main__:
Batch=5675 embedding kicks off:
INFO:__main__:Batch=5675 embedding done: set_question/response_embedded=10
INFO:httpx:HTTP Request: GET http://localhost:8080/v1/nodes "HTTP/1.1 200 OK"
INFO:__main__:golomtfaq.batch.failed_objects:
INFO:__main__:[]
INFO:__main__:Batch=5675 insertion done.

INFO:__main__:
Batch=5685 embedding kicks off:
INFO:__main__:Batch=5685 embedding done: set_question/response_embedded=10
INFO:httpx:HTTP Request: GET http://localhost:8080/v1/nodes "HTTP/1.1 200 OK"
INFO:__main__:golomtfaq.batch.failed_objects:
INFO:__main__:[]
INFO:__main__:Batch=5685 insertion done.

INFO:__main__:
Batch=5695 embedding kicks off:
INFO:__main__:Batch=5695 embedding done: set_question/response_embedded=10
INFO:httpx:HTTP Request: GET http://localhost:8080/v1/nodes "HTTP/1.1 200 OK"
INFO:__main__:golomtfaq.batch.failed_objects:
INFO:__main__:[]
INFO:__main__:Batch=5695 insertion done.

INFO:__main__:
Batch=5705 embedding kicks off:
INFO:__main__:Batch=5705 embedding done: set_question/response_embedded=10
INFO:httpx:HTTP Request: GET http://localhost:8080/v1/nodes "HTTP/1.1 200 OK"
INFO:__main__:golomtfaq.batch.failed_objects:
INFO:__main__:[]
INFO:__main__:Batch=5705 insertion done.

INFO:__main__:
Batch=5715 embedding kicks off:
INFO:__main__:Batch=5715 embedding done: set_question/response_embedded=10
INFO:httpx:HTTP Request: GET http://localhost:8080/v1/nodes "HTTP/1.1 200 OK"
INFO:__main__:golomtfaq.batch.failed_objects:
INFO:__main__:[]
INFO:__main__:Batch=5715 insertion done.

INFO:__main__:
Batch=5725 embedding kicks off:
INFO:__main__:Batch=5725 embedding done: set_question/response_embedded=10
INFO:httpx:HTTP Request: GET http://localhost:8080/v1/nodes "HTTP/1.1 200 OK"
INFO:__main__:golomtfaq.batch.failed_objects:
INFO:__main__:[]
INFO:__main__:Batch=5725 insertion done.

INFO:__main__:
Batch=5735 embedding kicks off:
INFO:__main__:Batch=5735 embedding done: set_question/response_embedded=10
INFO:httpx:HTTP Request: GET http://localhost:8080/v1/nodes "HTTP/1.1 200 OK"
INFO:__main__:golomtfaq.batch.failed_objects:
INFO:__main__:[]
INFO:__main__:Batch=5735 insertion done.

INFO:__main__:
Batch=5745 embedding kicks off:
INFO:__main__:Batch=5745 embedding done: set_question/response_embedded=10
INFO:httpx:HTTP Request: GET http://localhost:8080/v1/nodes "HTTP/1.1 200 OK"
INFO:__main__:golomtfaq.batch.failed_objects:
INFO:__main__:[]
INFO:__main__:Batch=5745 insertion done.

INFO:__main__:
Batch=5755 embedding kicks off:
INFO:__main__:Batch=5755 embedding done: set_question/response_embedded=10
INFO:httpx:HTTP Request: GET http://localhost:8080/v1/nodes "HTTP/1.1 200 OK"
INFO:__main__:golomtfaq.batch.failed_objects:
INFO:__main__:[]
INFO:__main__:Batch=5755 insertion done.

INFO:__main__:
Batch=5765 embedding kicks off:
INFO:__main__:Batch=5765 embedding done: set_question/response_embedded=10
INFO:httpx:HTTP Request: GET http://localhost:8080/v1/nodes "HTTP/1.1 200 OK"
INFO:__main__:golomtfaq.batch.failed_objects:
INFO:__main__:[]
INFO:__main__:Batch=5765 insertion done.

INFO:__main__:
Batch=5775 embedding kicks off:
INFO:__main__:Batch=5775 embedding done: set_question/response_embedded=10
INFO:httpx:HTTP Request: GET http://localhost:8080/v1/nodes "HTTP/1.1 200 OK"
INFO:__main__:golomtfaq.batch.failed_objects:
INFO:__main__:[]
INFO:__main__:Batch=5775 insertion done.

INFO:__main__:
Batch=5785 embedding kicks off:
INFO:__main__:Batch=5785 embedding done: set_question/response_embedded=10
INFO:httpx:HTTP Request: GET http://localhost:8080/v1/nodes "HTTP/1.1 200 OK"
INFO:__main__:golomtfaq.batch.failed_objects:
INFO:__main__:[]
INFO:__main__:Batch=5785 insertion done.

INFO:__main__:
Batch=5795 embedding kicks off:
INFO:__main__:Batch=5795 embedding done: set_question/response_embedded=10
INFO:httpx:HTTP Request: GET http://localhost:8080/v1/nodes "HTTP/1.1 200 OK"
INFO:__main__:golomtfaq.batch.failed_objects:
INFO:__main__:[]
INFO:__main__:Batch=5795 insertion done.

INFO:__main__:
Batch=5805 embedding kicks off:
INFO:__main__:Batch=5805 embedding done: set_question/response_embedded=10
INFO:httpx:HTTP Request: GET http://localhost:8080/v1/nodes "HTTP/1.1 200 OK"
INFO:__main__:golomtfaq.batch.failed_objects:
INFO:__main__:[]
INFO:__main__:Batch=5805 insertion done.

INFO:__main__:
Batch=5815 embedding kicks off:
INFO:__main__:Batch=5815 embedding done: set_question/response_embedded=10
INFO:httpx:HTTP Request: GET http://localhost:8080/v1/nodes "HTTP/1.1 200 OK"
INFO:__main__:golomtfaq.batch.failed_objects:
INFO:__main__:[]
INFO:__main__:Batch=5815 insertion done.

INFO:__main__:
Batch=5825 embedding kicks off:
INFO:__main__:Batch=5825 embedding done: set_question/response_embedded=10
INFO:httpx:HTTP Request: GET http://localhost:8080/v1/nodes "HTTP/1.1 200 OK"
INFO:__main__:golomtfaq.batch.failed_objects:
INFO:__main__:[]
INFO:__main__:Batch=5825 insertion done.

INFO:__main__:
Batch=5835 embedding kicks off:
INFO:__main__:Batch=5835 embedding done: set_question/response_embedded=10
INFO:httpx:HTTP Request: GET http://localhost:8080/v1/nodes "HTTP/1.1 200 OK"
INFO:__main__:golomtfaq.batch.failed_objects:
INFO:__main__:[]
INFO:__main__:Batch=5835 insertion done.

INFO:__main__:
Batch=5845 embedding kicks off:
INFO:__main__:Batch=5845 embedding done: set_question/response_embedded=10
INFO:httpx:HTTP Request: GET http://localhost:8080/v1/nodes "HTTP/1.1 200 OK"
INFO:__main__:golomtfaq.batch.failed_objects:
INFO:__main__:[]
INFO:__main__:Batch=5845 insertion done.

INFO:__main__:
Batch=5855 embedding kicks off:
INFO:__main__:Batch=5855 embedding done: set_question/response_embedded=10
INFO:httpx:HTTP Request: GET http://localhost:8080/v1/nodes "HTTP/1.1 200 OK"
INFO:__main__:golomtfaq.batch.failed_objects:
INFO:__main__:[]
INFO:__main__:Batch=5855 insertion done.

INFO:__main__:
Batch=5865 embedding kicks off:
INFO:__main__:Batch=5865 embedding done: set_question/response_embedded=10
INFO:httpx:HTTP Request: GET http://localhost:8080/v1/nodes "HTTP/1.1 200 OK"
INFO:__main__:golomtfaq.batch.failed_objects:
INFO:__main__:[]
INFO:__main__:Batch=5865 insertion done.

INFO:__main__:
Batch=5875 embedding kicks off:
INFO:__main__:Batch=5875 embedding done: set_question/response_embedded=10
INFO:httpx:HTTP Request: GET http://localhost:8080/v1/nodes "HTTP/1.1 200 OK"
INFO:__main__:golomtfaq.batch.failed_objects:
INFO:__main__:[]
INFO:__main__:Batch=5875 insertion done.

INFO:__main__:
Batch=5885 embedding kicks off:
INFO:__main__:Batch=5885 embedding done: set_question/response_embedded=10
INFO:httpx:HTTP Request: GET http://localhost:8080/v1/nodes "HTTP/1.1 200 OK"
INFO:__main__:golomtfaq.batch.failed_objects:
INFO:__main__:[]
INFO:__main__:Batch=5885 insertion done.

INFO:__main__:
Batch=5895 embedding kicks off:
INFO:__main__:Batch=5895 embedding done: set_question/response_embedded=10
INFO:httpx:HTTP Request: GET http://localhost:8080/v1/nodes "HTTP/1.1 200 OK"
INFO:__main__:golomtfaq.batch.failed_objects:
INFO:__main__:[]
INFO:__main__:Batch=5895 insertion done.

INFO:__main__:
Batch=5905 embedding kicks off:
INFO:__main__:Batch=5905 embedding done: set_question/response_embedded=10
INFO:httpx:HTTP Request: GET http://localhost:8080/v1/nodes "HTTP/1.1 200 OK"
INFO:__main__:golomtfaq.batch.failed_objects:
INFO:__main__:[]
INFO:__main__:Batch=5905 insertion done.

INFO:__main__:
Batch=5915 embedding kicks off:
INFO:__main__:Batch=5915 embedding done: set_question/response_embedded=10
INFO:httpx:HTTP Request: GET http://localhost:8080/v1/nodes "HTTP/1.1 200 OK"
INFO:__main__:golomtfaq.batch.failed_objects:
INFO:__main__:[]
INFO:__main__:Batch=5915 insertion done.

INFO:__main__:
Batch=5925 embedding kicks off:
INFO:__main__:Batch=5925 embedding done: set_question/response_embedded=10
INFO:httpx:HTTP Request: GET http://localhost:8080/v1/nodes "HTTP/1.1 200 OK"
INFO:__main__:golomtfaq.batch.failed_objects:
INFO:__main__:[]
INFO:__main__:Batch=5925 insertion done.

INFO:__main__:
Batch=5935 embedding kicks off:
INFO:__main__:Batch=5935 embedding done: set_question/response_embedded=10
INFO:httpx:HTTP Request: GET http://localhost:8080/v1/nodes "HTTP/1.1 200 OK"
INFO:__main__:golomtfaq.batch.failed_objects:
INFO:__main__:[]
INFO:__main__:Batch=5935 insertion done.

INFO:__main__:
Batch=5945 embedding kicks off:
INFO:__main__:Batch=5945 embedding done: set_question/response_embedded=10
INFO:httpx:HTTP Request: GET http://localhost:8080/v1/nodes "HTTP/1.1 200 OK"
INFO:__main__:golomtfaq.batch.failed_objects:
INFO:__main__:[]
INFO:__main__:Batch=5945 insertion done.

INFO:__main__:
Batch=5955 embedding kicks off:
INFO:__main__:Batch=5955 embedding done: set_question/response_embedded=10
INFO:httpx:HTTP Request: GET http://localhost:8080/v1/nodes "HTTP/1.1 200 OK"
INFO:__main__:golomtfaq.batch.failed_objects:
INFO:__main__:[]
INFO:__main__:Batch=5955 insertion done.

INFO:__main__:
Batch=5965 embedding kicks off:
INFO:__main__:Batch=5965 embedding done: set_question/response_embedded=10
INFO:httpx:HTTP Request: GET http://localhost:8080/v1/nodes "HTTP/1.1 200 OK"
INFO:__main__:golomtfaq.batch.failed_objects:
INFO:__main__:[]
INFO:__main__:Batch=5965 insertion done.

INFO:__main__:
Batch=5975 embedding kicks off:
INFO:__main__:Batch=5975 embedding done: set_question/response_embedded=10
INFO:httpx:HTTP Request: GET http://localhost:8080/v1/nodes "HTTP/1.1 200 OK"
INFO:__main__:golomtfaq.batch.failed_objects:
INFO:__main__:[]
INFO:__main__:Batch=5975 insertion done.

INFO:__main__:
Batch=5985 embedding kicks off:
INFO:__main__:Batch=5985 embedding done: set_question/response_embedded=10
INFO:httpx:HTTP Request: GET http://localhost:8080/v1/nodes "HTTP/1.1 200 OK"
INFO:__main__:golomtfaq.batch.failed_objects:
INFO:__main__:[]
INFO:__main__:Batch=5985 insertion done.

INFO:__main__:
Batch=5995 embedding kicks off:
INFO:__main__:Batch=5995 embedding done: set_question/response_embedded=10
INFO:httpx:HTTP Request: GET http://localhost:8080/v1/nodes "HTTP/1.1 200 OK"
INFO:__main__:golomtfaq.batch.failed_objects:
INFO:__main__:[]
INFO:__main__:Batch=5995 insertion done.

INFO:__main__:
Batch=6005 embedding kicks off:
INFO:__main__:Batch=6005 embedding done: set_question/response_embedded=10
INFO:httpx:HTTP Request: GET http://localhost:8080/v1/nodes "HTTP/1.1 200 OK"
INFO:__main__:golomtfaq.batch.failed_objects:
INFO:__main__:[]
INFO:__main__:Batch=6005 insertion done.

INFO:__main__:
Batch=6015 embedding kicks off:
INFO:__main__:Batch=6015 embedding done: set_question/response_embedded=10
INFO:httpx:HTTP Request: GET http://localhost:8080/v1/nodes "HTTP/1.1 200 OK"
INFO:__main__:golomtfaq.batch.failed_objects:
INFO:__main__:[]
INFO:__main__:Batch=6015 insertion done.

INFO:__main__:
Batch=6025 embedding kicks off:
INFO:__main__:Batch=6025 embedding done: set_question/response_embedded=10
INFO:httpx:HTTP Request: GET http://localhost:8080/v1/nodes "HTTP/1.1 200 OK"
INFO:__main__:golomtfaq.batch.failed_objects:
INFO:__main__:[]
INFO:__main__:Batch=6025 insertion done.

INFO:__main__:
Batch=6035 embedding kicks off:
INFO:__main__:Batch=6035 embedding done: set_question/response_embedded=10
INFO:httpx:HTTP Request: GET http://localhost:8080/v1/nodes "HTTP/1.1 200 OK"
INFO:__main__:golomtfaq.batch.failed_objects:
INFO:__main__:[]
INFO:__main__:Batch=6035 insertion done.

INFO:__main__:
Batch=6045 embedding kicks off:
INFO:__main__:Batch=6045 embedding done: set_question/response_embedded=10
INFO:httpx:HTTP Request: GET http://localhost:8080/v1/nodes "HTTP/1.1 200 OK"
INFO:__main__:golomtfaq.batch.failed_objects:
INFO:__main__:[]
INFO:__main__:Batch=6045 insertion done.

INFO:__main__:
Batch=6055 embedding kicks off:
INFO:__main__:Batch=6055 embedding done: set_question/response_embedded=10
INFO:httpx:HTTP Request: GET http://localhost:8080/v1/nodes "HTTP/1.1 200 OK"
INFO:__main__:golomtfaq.batch.failed_objects:
INFO:__main__:[]
INFO:__main__:Batch=6055 insertion done.

INFO:__main__:
Batch=6065 embedding kicks off:
INFO:__main__:Batch=6065 embedding done: set_question/response_embedded=10
INFO:httpx:HTTP Request: GET http://localhost:8080/v1/nodes "HTTP/1.1 200 OK"
INFO:__main__:golomtfaq.batch.failed_objects:
INFO:__main__:[]
INFO:__main__:Batch=6065 insertion done.

INFO:__main__:
Batch=6075 embedding kicks off:
INFO:__main__:Batch=6075 embedding done: set_question/response_embedded=10
INFO:httpx:HTTP Request: GET http://localhost:8080/v1/nodes "HTTP/1.1 200 OK"
INFO:__main__:golomtfaq.batch.failed_objects:
INFO:__main__:[]
INFO:__main__:Batch=6075 insertion done.

INFO:__main__:
Batch=6085 embedding kicks off:
INFO:__main__:Batch=6085 embedding done: set_question/response_embedded=10
INFO:httpx:HTTP Request: GET http://localhost:8080/v1/nodes "HTTP/1.1 200 OK"
INFO:__main__:golomtfaq.batch.failed_objects:
INFO:__main__:[]
INFO:__main__:Batch=6085 insertion done.

INFO:__main__:
Batch=6095 embedding kicks off:
INFO:__main__:Batch=6095 embedding done: set_question/response_embedded=10
INFO:httpx:HTTP Request: GET http://localhost:8080/v1/nodes "HTTP/1.1 200 OK"
INFO:__main__:golomtfaq.batch.failed_objects:
INFO:__main__:[]
INFO:__main__:Batch=6095 insertion done.

INFO:__main__:
Batch=6105 embedding kicks off:
INFO:__main__:Batch=6105 embedding done: set_question/response_embedded=10
INFO:httpx:HTTP Request: GET http://localhost:8080/v1/nodes "HTTP/1.1 200 OK"
INFO:__main__:golomtfaq.batch.failed_objects:
INFO:__main__:[]
INFO:__main__:Batch=6105 insertion done.

INFO:__main__:
Batch=6115 embedding kicks off:
INFO:__main__:Batch=6115 embedding done: set_question/response_embedded=10
INFO:httpx:HTTP Request: GET http://localhost:8080/v1/nodes "HTTP/1.1 200 OK"
INFO:__main__:golomtfaq.batch.failed_objects:
INFO:__main__:[]
INFO:__main__:Batch=6115 insertion done.

INFO:__main__:
Batch=6125 embedding kicks off:
INFO:__main__:Batch=6125 embedding done: set_question/response_embedded=10
INFO:httpx:HTTP Request: GET http://localhost:8080/v1/nodes "HTTP/1.1 200 OK"
INFO:__main__:golomtfaq.batch.failed_objects:
INFO:__main__:[]
INFO:__main__:Batch=6125 insertion done.

INFO:__main__:
Batch=6135 embedding kicks off:
INFO:__main__:Batch=6135 embedding done: set_question/response_embedded=10
INFO:httpx:HTTP Request: GET http://localhost:8080/v1/nodes "HTTP/1.1 200 OK"
INFO:__main__:golomtfaq.batch.failed_objects:
INFO:__main__:[]
INFO:__main__:Batch=6135 insertion done.

INFO:__main__:
Batch=6145 embedding kicks off:
INFO:__main__:Batch=6145 embedding done: set_question/response_embedded=10
INFO:httpx:HTTP Request: GET http://localhost:8080/v1/nodes "HTTP/1.1 200 OK"
INFO:__main__:golomtfaq.batch.failed_objects:
INFO:__main__:[]
INFO:__main__:Batch=6145 insertion done.

INFO:__main__:
Batch=6155 embedding kicks off:
INFO:__main__:Batch=6155 embedding done: set_question/response_embedded=10
INFO:httpx:HTTP Request: GET http://localhost:8080/v1/nodes "HTTP/1.1 200 OK"
INFO:__main__:golomtfaq.batch.failed_objects:
INFO:__main__:[]
INFO:__main__:Batch=6155 insertion done.

INFO:__main__:
Batch=6165 embedding kicks off:
INFO:__main__:Batch=6165 embedding done: set_question/response_embedded=10
INFO:httpx:HTTP Request: GET http://localhost:8080/v1/nodes "HTTP/1.1 200 OK"
INFO:__main__:golomtfaq.batch.failed_objects:
INFO:__main__:[]
INFO:__main__:Batch=6165 insertion done.

INFO:__main__:
Batch=6175 embedding kicks off:
INFO:__main__:Batch=6175 embedding done: set_question/response_embedded=10
INFO:httpx:HTTP Request: GET http://localhost:8080/v1/nodes "HTTP/1.1 200 OK"
INFO:__main__:golomtfaq.batch.failed_objects:
INFO:__main__:[]
INFO:__main__:Batch=6175 insertion done.

INFO:__main__:
Batch=6185 embedding kicks off:
INFO:__main__:Batch=6185 embedding done: set_question/response_embedded=10
INFO:httpx:HTTP Request: GET http://localhost:8080/v1/nodes "HTTP/1.1 200 OK"
INFO:__main__:golomtfaq.batch.failed_objects:
INFO:__main__:[]
INFO:__main__:Batch=6185 insertion done.

INFO:__main__:
Batch=6195 embedding kicks off:
INFO:__main__:Batch=6195 embedding done: set_question/response_embedded=10
INFO:httpx:HTTP Request: GET http://localhost:8080/v1/nodes "HTTP/1.1 200 OK"
INFO:__main__:golomtfaq.batch.failed_objects:
INFO:__main__:[]
INFO:__main__:Batch=6195 insertion done.

INFO:__main__:
Batch=6205 embedding kicks off:
INFO:__main__:Batch=6205 embedding done: set_question/response_embedded=10
INFO:httpx:HTTP Request: GET http://localhost:8080/v1/nodes "HTTP/1.1 200 OK"
INFO:__main__:golomtfaq.batch.failed_objects:
INFO:__main__:[]
INFO:__main__:Batch=6205 insertion done.

INFO:__main__:
Batch=6215 embedding kicks off:
INFO:__main__:Batch=6215 embedding done: set_question/response_embedded=10
INFO:httpx:HTTP Request: GET http://localhost:8080/v1/nodes "HTTP/1.1 200 OK"
INFO:__main__:golomtfaq.batch.failed_objects:
INFO:__main__:[]
INFO:__main__:Batch=6215 insertion done.

INFO:__main__:
Batch=6225 embedding kicks off:
INFO:__main__:Batch=6225 embedding done: set_question/response_embedded=10
INFO:httpx:HTTP Request: GET http://localhost:8080/v1/nodes "HTTP/1.1 200 OK"
INFO:__main__:golomtfaq.batch.failed_objects:
INFO:__main__:[]
INFO:__main__:Batch=6225 insertion done.

INFO:__main__:
Batch=6235 embedding kicks off:
INFO:__main__:Batch=6235 embedding done: set_question/response_embedded=10
INFO:httpx:HTTP Request: GET http://localhost:8080/v1/nodes "HTTP/1.1 200 OK"
INFO:__main__:golomtfaq.batch.failed_objects:
INFO:__main__:[]
INFO:__main__:Batch=6235 insertion done.

INFO:__main__:
Batch=6245 embedding kicks off:
INFO:__main__:Batch=6245 embedding done: set_question/response_embedded=10
INFO:httpx:HTTP Request: GET http://localhost:8080/v1/nodes "HTTP/1.1 200 OK"
INFO:__main__:golomtfaq.batch.failed_objects:
INFO:__main__:[]
INFO:__main__:Batch=6245 insertion done.

INFO:__main__:
Batch=6255 embedding kicks off:
INFO:__main__:Batch=6255 embedding done: set_question/response_embedded=10
INFO:httpx:HTTP Request: GET http://localhost:8080/v1/nodes "HTTP/1.1 200 OK"
INFO:__main__:golomtfaq.batch.failed_objects:
INFO:__main__:[]
INFO:__main__:Batch=6255 insertion done.

INFO:__main__:
Batch=6265 embedding kicks off:
INFO:__main__:Batch=6265 embedding done: set_question/response_embedded=10
INFO:httpx:HTTP Request: GET http://localhost:8080/v1/nodes "HTTP/1.1 200 OK"
INFO:__main__:golomtfaq.batch.failed_objects:
INFO:__main__:[]
INFO:__main__:Batch=6265 insertion done.

INFO:__main__:
Batch=6275 embedding kicks off:
INFO:__main__:Batch=6275 embedding done: set_question/response_embedded=10
INFO:httpx:HTTP Request: GET http://localhost:8080/v1/nodes "HTTP/1.1 200 OK"
INFO:__main__:golomtfaq.batch.failed_objects:
INFO:__main__:[]
INFO:__main__:Batch=6275 insertion done.

INFO:__main__:
Batch=6285 embedding kicks off:
INFO:__main__:Batch=6285 embedding done: set_question/response_embedded=10
INFO:httpx:HTTP Request: GET http://localhost:8080/v1/nodes "HTTP/1.1 200 OK"
INFO:__main__:golomtfaq.batch.failed_objects:
INFO:__main__:[]
INFO:__main__:Batch=6285 insertion done.

INFO:__main__:
Batch=6295 embedding kicks off:
INFO:__main__:Batch=6295 embedding done: set_question/response_embedded=10
INFO:httpx:HTTP Request: GET http://localhost:8080/v1/nodes "HTTP/1.1 200 OK"
INFO:__main__:golomtfaq.batch.failed_objects:
INFO:__main__:[]
INFO:__main__:Batch=6295 insertion done.

INFO:__main__:
Batch=6305 embedding kicks off:
INFO:__main__:Batch=6305 embedding done: set_question/response_embedded=10
INFO:httpx:HTTP Request: GET http://localhost:8080/v1/nodes "HTTP/1.1 200 OK"
INFO:__main__:golomtfaq.batch.failed_objects:
INFO:__main__:[]
INFO:__main__:Batch=6305 insertion done.

INFO:__main__:
Batch=6315 embedding kicks off:
INFO:__main__:Batch=6315 embedding done: set_question/response_embedded=10
INFO:httpx:HTTP Request: GET http://localhost:8080/v1/nodes "HTTP/1.1 200 OK"
INFO:__main__:golomtfaq.batch.failed_objects:
INFO:__main__:[]
INFO:__main__:Batch=6315 insertion done.

INFO:__main__:
Batch=6325 embedding kicks off:
INFO:__main__:Batch=6325 embedding done: set_question/response_embedded=10
INFO:httpx:HTTP Request: GET http://localhost:8080/v1/nodes "HTTP/1.1 200 OK"
INFO:__main__:golomtfaq.batch.failed_objects:
INFO:__main__:[]
INFO:__main__:Batch=6325 insertion done.

INFO:__main__:
Batch=6335 embedding kicks off:
INFO:__main__:Batch=6335 embedding done: set_question/response_embedded=10
INFO:httpx:HTTP Request: GET http://localhost:8080/v1/nodes "HTTP/1.1 200 OK"
INFO:__main__:golomtfaq.batch.failed_objects:
INFO:__main__:[]
INFO:__main__:Batch=6335 insertion done.

INFO:__main__:
Batch=6345 embedding kicks off:
INFO:__main__:Batch=6345 embedding done: set_question/response_embedded=10
INFO:httpx:HTTP Request: GET http://localhost:8080/v1/nodes "HTTP/1.1 200 OK"
INFO:__main__:golomtfaq.batch.failed_objects:
INFO:__main__:[]
INFO:__main__:Batch=6345 insertion done.

INFO:__main__:
Batch=6355 embedding kicks off:
INFO:__main__:Batch=6355 embedding done: set_question/response_embedded=10
INFO:httpx:HTTP Request: GET http://localhost:8080/v1/nodes "HTTP/1.1 200 OK"
INFO:__main__:golomtfaq.batch.failed_objects:
INFO:__main__:[]
INFO:__main__:Batch=6355 insertion done.

INFO:__main__:
Batch=6365 embedding kicks off:
INFO:__main__:Batch=6365 embedding done: set_question/response_embedded=10
INFO:httpx:HTTP Request: GET http://localhost:8080/v1/nodes "HTTP/1.1 200 OK"
INFO:__main__:golomtfaq.batch.failed_objects:
INFO:__main__:[]
INFO:__main__:Batch=6365 insertion done.

INFO:__main__:
Batch=6375 embedding kicks off:
INFO:__main__:Batch=6375 embedding done: set_question/response_embedded=10
INFO:httpx:HTTP Request: GET http://localhost:8080/v1/nodes "HTTP/1.1 200 OK"
INFO:__main__:golomtfaq.batch.failed_objects:
INFO:__main__:[]
INFO:__main__:Batch=6375 insertion done.

INFO:__main__:
Batch=6385 embedding kicks off:
INFO:__main__:Batch=6385 embedding done: set_question/response_embedded=10
INFO:httpx:HTTP Request: GET http://localhost:8080/v1/nodes "HTTP/1.1 200 OK"
INFO:__main__:golomtfaq.batch.failed_objects:
INFO:__main__:[]
INFO:__main__:Batch=6385 insertion done.

INFO:__main__:
Batch=6395 embedding kicks off:
INFO:__main__:Batch=6395 embedding done: set_question/response_embedded=10
INFO:httpx:HTTP Request: GET http://localhost:8080/v1/nodes "HTTP/1.1 200 OK"
INFO:__main__:golomtfaq.batch.failed_objects:
INFO:__main__:[]
INFO:__main__:Batch=6395 insertion done.

INFO:__main__:
Batch=6405 embedding kicks off:
INFO:__main__:Batch=6405 embedding done: set_question/response_embedded=10
INFO:httpx:HTTP Request: GET http://localhost:8080/v1/nodes "HTTP/1.1 200 OK"
INFO:__main__:golomtfaq.batch.failed_objects:
INFO:__main__:[]
INFO:__main__:Batch=6405 insertion done.

INFO:__main__:
Batch=6415 embedding kicks off:
INFO:__main__:Batch=6415 embedding done: set_question/response_embedded=10
INFO:httpx:HTTP Request: GET http://localhost:8080/v1/nodes "HTTP/1.1 200 OK"
INFO:__main__:golomtfaq.batch.failed_objects:
INFO:__main__:[]
INFO:__main__:Batch=6415 insertion done.

INFO:__main__:
Batch=6425 embedding kicks off:
INFO:__main__:Batch=6425 embedding done: set_question/response_embedded=10
INFO:httpx:HTTP Request: GET http://localhost:8080/v1/nodes "HTTP/1.1 200 OK"
INFO:__main__:golomtfaq.batch.failed_objects:
INFO:__main__:[]
INFO:__main__:Batch=6425 insertion done.

INFO:__main__:
Batch=6435 embedding kicks off:
INFO:__main__:Batch=6435 embedding done: set_question/response_embedded=10
INFO:httpx:HTTP Request: GET http://localhost:8080/v1/nodes "HTTP/1.1 200 OK"
INFO:__main__:golomtfaq.batch.failed_objects:
INFO:__main__:[]
INFO:__main__:Batch=6435 insertion done.

INFO:__main__:
Batch=6445 embedding kicks off:
INFO:__main__:Batch=6445 embedding done: set_question/response_embedded=10
INFO:httpx:HTTP Request: GET http://localhost:8080/v1/nodes "HTTP/1.1 200 OK"
INFO:__main__:golomtfaq.batch.failed_objects:
INFO:__main__:[]
INFO:__main__:Batch=6445 insertion done.

INFO:__main__:
Batch=6455 embedding kicks off:
INFO:__main__:Batch=6455 embedding done: set_question/response_embedded=10
INFO:httpx:HTTP Request: GET http://localhost:8080/v1/nodes "HTTP/1.1 200 OK"
INFO:__main__:golomtfaq.batch.failed_objects:
INFO:__main__:[]
INFO:__main__:Batch=6455 insertion done.

INFO:__main__:
Batch=6465 embedding kicks off:
INFO:__main__:Batch=6465 embedding done: set_question/response_embedded=10
INFO:httpx:HTTP Request: GET http://localhost:8080/v1/nodes "HTTP/1.1 200 OK"
INFO:__main__:golomtfaq.batch.failed_objects:
INFO:__main__:[]
INFO:__main__:Batch=6465 insertion done.

INFO:__main__:
Batch=6475 embedding kicks off:
INFO:__main__:Batch=6475 embedding done: set_question/response_embedded=10
INFO:httpx:HTTP Request: GET http://localhost:8080/v1/nodes "HTTP/1.1 200 OK"
INFO:__main__:golomtfaq.batch.failed_objects:
INFO:__main__:[]
INFO:__main__:Batch=6475 insertion done.

INFO:__main__:
Batch=6485 embedding kicks off:
INFO:__main__:Batch=6485 embedding done: set_question/response_embedded=10
INFO:httpx:HTTP Request: GET http://localhost:8080/v1/nodes "HTTP/1.1 200 OK"
INFO:__main__:golomtfaq.batch.failed_objects:
INFO:__main__:[]
INFO:__main__:Batch=6485 insertion done.

INFO:__main__:
Batch=6495 embedding kicks off:
INFO:__main__:Batch=6495 embedding done: set_question/response_embedded=10
INFO:httpx:HTTP Request: GET http://localhost:8080/v1/nodes "HTTP/1.1 200 OK"
INFO:__main__:golomtfaq.batch.failed_objects:
INFO:__main__:[]
INFO:__main__:Batch=6495 insertion done.

INFO:__main__:
Batch=6505 embedding kicks off:
INFO:__main__:Batch=6505 embedding done: set_question/response_embedded=10
INFO:httpx:HTTP Request: GET http://localhost:8080/v1/nodes "HTTP/1.1 200 OK"
INFO:__main__:golomtfaq.batch.failed_objects:
INFO:__main__:[]
INFO:__main__:Batch=6505 insertion done.

INFO:__main__:
Batch=6515 embedding kicks off:
INFO:__main__:Batch=6515 embedding done: set_question/response_embedded=10
INFO:httpx:HTTP Request: GET http://localhost:8080/v1/nodes "HTTP/1.1 200 OK"
INFO:__main__:golomtfaq.batch.failed_objects:
INFO:__main__:[]
INFO:__main__:Batch=6515 insertion done.

INFO:__main__:
Batch=6525 embedding kicks off:
INFO:__main__:Batch=6525 embedding done: set_question/response_embedded=10
INFO:httpx:HTTP Request: GET http://localhost:8080/v1/nodes "HTTP/1.1 200 OK"
INFO:__main__:golomtfaq.batch.failed_objects:
INFO:__main__:[]
INFO:__main__:Batch=6525 insertion done.

INFO:__main__:
Batch=6535 embedding kicks off:
INFO:__main__:Batch=6535 embedding done: set_question/response_embedded=10
INFO:httpx:HTTP Request: GET http://localhost:8080/v1/nodes "HTTP/1.1 200 OK"
INFO:__main__:golomtfaq.batch.failed_objects:
INFO:__main__:[]
INFO:__main__:Batch=6535 insertion done.

INFO:__main__:
Batch=6545 embedding kicks off:
INFO:__main__:Batch=6545 embedding done: set_question/response_embedded=10
INFO:httpx:HTTP Request: GET http://localhost:8080/v1/nodes "HTTP/1.1 200 OK"
INFO:__main__:golomtfaq.batch.failed_objects:
INFO:__main__:[]
INFO:__main__:Batch=6545 insertion done.

INFO:__main__:
Batch=6555 embedding kicks off:
INFO:__main__:Batch=6555 embedding done: set_question/response_embedded=10
INFO:httpx:HTTP Request: GET http://localhost:8080/v1/nodes "HTTP/1.1 200 OK"
INFO:__main__:golomtfaq.batch.failed_objects:
INFO:__main__:[]
INFO:__main__:Batch=6555 insertion done.

INFO:__main__:
Batch=6565 embedding kicks off:
INFO:__main__:Batch=6565 embedding done: set_question/response_embedded=10
INFO:httpx:HTTP Request: GET http://localhost:8080/v1/nodes "HTTP/1.1 200 OK"
INFO:__main__:golomtfaq.batch.failed_objects:
INFO:__main__:[]
INFO:__main__:Batch=6565 insertion done.

INFO:__main__:
Batch=6575 embedding kicks off:
INFO:__main__:Batch=6575 embedding done: set_question/response_embedded=10
INFO:httpx:HTTP Request: GET http://localhost:8080/v1/nodes "HTTP/1.1 200 OK"
INFO:__main__:golomtfaq.batch.failed_objects:
INFO:__main__:[]
INFO:__main__:Batch=6575 insertion done.

INFO:__main__:
Batch=6585 embedding kicks off:
INFO:__main__:Batch=6585 embedding done: set_question/response_embedded=10
INFO:httpx:HTTP Request: GET http://localhost:8080/v1/nodes "HTTP/1.1 200 OK"
INFO:__main__:golomtfaq.batch.failed_objects:
INFO:__main__:[]
INFO:__main__:Batch=6585 insertion done.

INFO:__main__:
Batch=6595 embedding kicks off:
INFO:__main__:Batch=6595 embedding done: set_question/response_embedded=10
INFO:httpx:HTTP Request: GET http://localhost:8080/v1/nodes "HTTP/1.1 200 OK"
INFO:__main__:golomtfaq.batch.failed_objects:
INFO:__main__:[]
INFO:__main__:Batch=6595 insertion done.

INFO:__main__:
Batch=6605 embedding kicks off:
INFO:__main__:Batch=6605 embedding done: set_question/response_embedded=10
INFO:httpx:HTTP Request: GET http://localhost:8080/v1/nodes "HTTP/1.1 200 OK"
INFO:__main__:golomtfaq.batch.failed_objects:
INFO:__main__:[]
INFO:__main__:Batch=6605 insertion done.

INFO:__main__:
Batch=6615 embedding kicks off:
INFO:__main__:Batch=6615 embedding done: set_question/response_embedded=10
INFO:httpx:HTTP Request: GET http://localhost:8080/v1/nodes "HTTP/1.1 200 OK"
INFO:__main__:golomtfaq.batch.failed_objects:
INFO:__main__:[]
INFO:__main__:Batch=6615 insertion done.

INFO:__main__:
Batch=6625 embedding kicks off:
INFO:__main__:Batch=6625 embedding done: set_question/response_embedded=10
INFO:httpx:HTTP Request: GET http://localhost:8080/v1/nodes "HTTP/1.1 200 OK"
INFO:__main__:golomtfaq.batch.failed_objects:
INFO:__main__:[]
INFO:__main__:Batch=6625 insertion done.

INFO:__main__:
Batch=6635 embedding kicks off:
INFO:__main__:Batch=6635 embedding done: set_question/response_embedded=10
INFO:httpx:HTTP Request: GET http://localhost:8080/v1/nodes "HTTP/1.1 200 OK"
INFO:__main__:golomtfaq.batch.failed_objects:
INFO:__main__:[]
INFO:__main__:Batch=6635 insertion done.

INFO:__main__:
Batch=6645 embedding kicks off:
INFO:__main__:Batch=6645 embedding done: set_question/response_embedded=10
INFO:httpx:HTTP Request: GET http://localhost:8080/v1/nodes "HTTP/1.1 200 OK"
INFO:__main__:golomtfaq.batch.failed_objects:
INFO:__main__:[]
INFO:__main__:Batch=6645 insertion done.

INFO:__main__:
Batch=6655 embedding kicks off:
INFO:__main__:Batch=6655 embedding done: set_question/response_embedded=10
INFO:httpx:HTTP Request: GET http://localhost:8080/v1/nodes "HTTP/1.1 200 OK"
INFO:__main__:golomtfaq.batch.failed_objects:
INFO:__main__:[]
INFO:__main__:Batch=6655 insertion done.

INFO:__main__:
Batch=6665 embedding kicks off:
INFO:__main__:Batch=6665 embedding done: set_question/response_embedded=10
INFO:httpx:HTTP Request: GET http://localhost:8080/v1/nodes "HTTP/1.1 200 OK"
INFO:__main__:golomtfaq.batch.failed_objects:
INFO:__main__:[]
INFO:__main__:Batch=6665 insertion done.

INFO:__main__:
Batch=6675 embedding kicks off:
INFO:__main__:Batch=6675 embedding done: set_question/response_embedded=10
INFO:httpx:HTTP Request: GET http://localhost:8080/v1/nodes "HTTP/1.1 200 OK"
INFO:__main__:golomtfaq.batch.failed_objects:
INFO:__main__:[]
INFO:__main__:Batch=6675 insertion done.

INFO:__main__:
Batch=6685 embedding kicks off:
INFO:__main__:Batch=6685 embedding done: set_question/response_embedded=10
INFO:httpx:HTTP Request: GET http://localhost:8080/v1/nodes "HTTP/1.1 200 OK"
INFO:__main__:golomtfaq.batch.failed_objects:
INFO:__main__:[]
INFO:__main__:Batch=6685 insertion done.

INFO:__main__:
Batch=6695 embedding kicks off:
INFO:__main__:Batch=6695 embedding done: set_question/response_embedded=10
INFO:httpx:HTTP Request: GET http://localhost:8080/v1/nodes "HTTP/1.1 200 OK"
INFO:__main__:golomtfaq.batch.failed_objects:
INFO:__main__:[]
INFO:__main__:Batch=6695 insertion done.

INFO:__main__:
Batch=6705 embedding kicks off:
INFO:__main__:Batch=6705 embedding done: set_question/response_embedded=10
INFO:httpx:HTTP Request: GET http://localhost:8080/v1/nodes "HTTP/1.1 200 OK"
INFO:__main__:golomtfaq.batch.failed_objects:
INFO:__main__:[]
INFO:__main__:Batch=6705 insertion done.

INFO:__main__:
Batch=6715 embedding kicks off:
INFO:__main__:Batch=6715 embedding done: set_question/response_embedded=10
INFO:httpx:HTTP Request: GET http://localhost:8080/v1/nodes "HTTP/1.1 200 OK"
INFO:__main__:golomtfaq.batch.failed_objects:
INFO:__main__:[]
INFO:__main__:Batch=6715 insertion done.

INFO:__main__:
Batch=6725 embedding kicks off:
INFO:__main__:Batch=6725 embedding done: set_question/response_embedded=10
INFO:httpx:HTTP Request: GET http://localhost:8080/v1/nodes "HTTP/1.1 200 OK"
INFO:__main__:golomtfaq.batch.failed_objects:
INFO:__main__:[]
INFO:__main__:Batch=6725 insertion done.

INFO:__main__:
Batch=6735 embedding kicks off:
INFO:__main__:Batch=6735 embedding done: set_question/response_embedded=10
INFO:httpx:HTTP Request: GET http://localhost:8080/v1/nodes "HTTP/1.1 200 OK"
INFO:__main__:golomtfaq.batch.failed_objects:
INFO:__main__:[]
INFO:__main__:Batch=6735 insertion done.

INFO:__main__:
Batch=6745 embedding kicks off:
INFO:__main__:Batch=6745 embedding done: set_question/response_embedded=10
INFO:httpx:HTTP Request: GET http://localhost:8080/v1/nodes "HTTP/1.1 200 OK"
INFO:__main__:golomtfaq.batch.failed_objects:
INFO:__main__:[]
INFO:__main__:Batch=6745 insertion done.

INFO:__main__:
Batch=6755 embedding kicks off:
INFO:__main__:Batch=6755 embedding done: set_question/response_embedded=10
INFO:httpx:HTTP Request: GET http://localhost:8080/v1/nodes "HTTP/1.1 200 OK"
INFO:__main__:golomtfaq.batch.failed_objects:
INFO:__main__:[]
INFO:__main__:Batch=6755 insertion done.

INFO:__main__:
Batch=6765 embedding kicks off:
INFO:__main__:Batch=6765 embedding done: set_question/response_embedded=10
INFO:httpx:HTTP Request: GET http://localhost:8080/v1/nodes "HTTP/1.1 200 OK"
INFO:__main__:golomtfaq.batch.failed_objects:
INFO:__main__:[]
INFO:__main__:Batch=6765 insertion done.

INFO:__main__:
Batch=6775 embedding kicks off:
INFO:__main__:Batch=6775 embedding done: set_question/response_embedded=10
INFO:httpx:HTTP Request: GET http://localhost:8080/v1/nodes "HTTP/1.1 200 OK"
INFO:__main__:golomtfaq.batch.failed_objects:
INFO:__main__:[]
INFO:__main__:Batch=6775 insertion done.

INFO:__main__:
Batch=6785 embedding kicks off:
INFO:__main__:Batch=6785 embedding done: set_question/response_embedded=10
INFO:httpx:HTTP Request: GET http://localhost:8080/v1/nodes "HTTP/1.1 200 OK"
INFO:__main__:golomtfaq.batch.failed_objects:
INFO:__main__:[]
INFO:__main__:Batch=6785 insertion done.

INFO:__main__:
Batch=6795 embedding kicks off:
INFO:__main__:Batch=6795 embedding done: set_question/response_embedded=10
INFO:httpx:HTTP Request: GET http://localhost:8080/v1/nodes "HTTP/1.1 200 OK"
INFO:__main__:golomtfaq.batch.failed_objects:
INFO:__main__:[]
INFO:__main__:Batch=6795 insertion done.

INFO:__main__:
Batch=6805 embedding kicks off:
INFO:__main__:Batch=6805 embedding done: set_question/response_embedded=10
INFO:httpx:HTTP Request: GET http://localhost:8080/v1/nodes "HTTP/1.1 200 OK"
INFO:__main__:golomtfaq.batch.failed_objects:
INFO:__main__:[]
INFO:__main__:Batch=6805 insertion done.

INFO:__main__:
Batch=6815 embedding kicks off:
INFO:__main__:Batch=6815 embedding done: set_question/response_embedded=10
INFO:httpx:HTTP Request: GET http://localhost:8080/v1/nodes "HTTP/1.1 200 OK"
INFO:__main__:golomtfaq.batch.failed_objects:
INFO:__main__:[]
INFO:__main__:Batch=6815 insertion done.

INFO:__main__:
Batch=6825 embedding kicks off:
INFO:__main__:Batch=6825 embedding done: set_question/response_embedded=10
INFO:httpx:HTTP Request: GET http://localhost:8080/v1/nodes "HTTP/1.1 200 OK"
INFO:__main__:golomtfaq.batch.failed_objects:
INFO:__main__:[]
INFO:__main__:Batch=6825 insertion done.

INFO:__main__:
Batch=6835 embedding kicks off:
INFO:__main__:Batch=6835 embedding done: set_question/response_embedded=10
INFO:httpx:HTTP Request: GET http://localhost:8080/v1/nodes "HTTP/1.1 200 OK"
INFO:__main__:golomtfaq.batch.failed_objects:
INFO:__main__:[]
INFO:__main__:Batch=6835 insertion done.

INFO:__main__:
Batch=6845 embedding kicks off:
INFO:__main__:Batch=6845 embedding done: set_question/response_embedded=10
INFO:httpx:HTTP Request: GET http://localhost:8080/v1/nodes "HTTP/1.1 200 OK"
INFO:__main__:golomtfaq.batch.failed_objects:
INFO:__main__:[]
INFO:__main__:Batch=6845 insertion done.

INFO:__main__:
Batch=6855 embedding kicks off:
INFO:__main__:Batch=6855 embedding done: set_question/response_embedded=10
INFO:httpx:HTTP Request: GET http://localhost:8080/v1/nodes "HTTP/1.1 200 OK"
INFO:__main__:golomtfaq.batch.failed_objects:
INFO:__main__:[]
INFO:__main__:Batch=6855 insertion done.

INFO:__main__:
Batch=6865 embedding kicks off:
INFO:__main__:Batch=6865 embedding done: set_question/response_embedded=10
INFO:httpx:HTTP Request: GET http://localhost:8080/v1/nodes "HTTP/1.1 200 OK"
INFO:__main__:golomtfaq.batch.failed_objects:
INFO:__main__:[]
INFO:__main__:Batch=6865 insertion done.

INFO:__main__:
Batch=6875 embedding kicks off:
INFO:__main__:Batch=6875 embedding done: set_question/response_embedded=10
INFO:httpx:HTTP Request: GET http://localhost:8080/v1/nodes "HTTP/1.1 200 OK"
INFO:__main__:golomtfaq.batch.failed_objects:
INFO:__main__:[]
INFO:__main__:Batch=6875 insertion done.

INFO:__main__:
Batch=6885 embedding kicks off:
INFO:__main__:Batch=6885 embedding done: set_question/response_embedded=10
INFO:httpx:HTTP Request: GET http://localhost:8080/v1/nodes "HTTP/1.1 200 OK"
INFO:__main__:golomtfaq.batch.failed_objects:
INFO:__main__:[]
INFO:__main__:Batch=6885 insertion done.

INFO:__main__:
Batch=6895 embedding kicks off:
INFO:__main__:Batch=6895 embedding done: set_question/response_embedded=10
INFO:httpx:HTTP Request: GET http://localhost:8080/v1/nodes "HTTP/1.1 200 OK"
INFO:__main__:golomtfaq.batch.failed_objects:
INFO:__main__:[]
INFO:__main__:Batch=6895 insertion done.

INFO:__main__:
Batch=6905 embedding kicks off:
INFO:__main__:Batch=6905 embedding done: set_question/response_embedded=10
INFO:httpx:HTTP Request: GET http://localhost:8080/v1/nodes "HTTP/1.1 200 OK"
INFO:__main__:golomtfaq.batch.failed_objects:
INFO:__main__:[]
INFO:__main__:Batch=6905 insertion done.

INFO:__main__:
Batch=6915 embedding kicks off:
INFO:__main__:Batch=6915 embedding done: set_question/response_embedded=10
INFO:httpx:HTTP Request: GET http://localhost:8080/v1/nodes "HTTP/1.1 200 OK"
INFO:__main__:golomtfaq.batch.failed_objects:
INFO:__main__:[]
INFO:__main__:Batch=6915 insertion done.

INFO:__main__:
Batch=6925 embedding kicks off:
INFO:__main__:Batch=6925 embedding done: set_question/response_embedded=10
INFO:httpx:HTTP Request: GET http://localhost:8080/v1/nodes "HTTP/1.1 200 OK"
INFO:__main__:golomtfaq.batch.failed_objects:
INFO:__main__:[]
INFO:__main__:Batch=6925 insertion done.

INFO:__main__:
Batch=6935 embedding kicks off:
INFO:__main__:Batch=6935 embedding done: set_question/response_embedded=10
INFO:httpx:HTTP Request: GET http://localhost:8080/v1/nodes "HTTP/1.1 200 OK"
INFO:__main__:golomtfaq.batch.failed_objects:
INFO:__main__:[]
INFO:__main__:Batch=6935 insertion done.

INFO:__main__:
Batch=6945 embedding kicks off:
INFO:__main__:Batch=6945 embedding done: set_question/response_embedded=10
INFO:httpx:HTTP Request: GET http://localhost:8080/v1/nodes "HTTP/1.1 200 OK"
INFO:__main__:golomtfaq.batch.failed_objects:
INFO:__main__:[]
INFO:__main__:Batch=6945 insertion done.

INFO:__main__:
Batch=6955 embedding kicks off:
INFO:__main__:Batch=6955 embedding done: set_question/response_embedded=10
INFO:httpx:HTTP Request: GET http://localhost:8080/v1/nodes "HTTP/1.1 200 OK"
INFO:__main__:golomtfaq.batch.failed_objects:
INFO:__main__:[]
INFO:__main__:Batch=6955 insertion done.

INFO:__main__:
Batch=6965 embedding kicks off:
INFO:__main__:Batch=6965 embedding done: set_question/response_embedded=10
INFO:httpx:HTTP Request: GET http://localhost:8080/v1/nodes "HTTP/1.1 200 OK"
INFO:__main__:golomtfaq.batch.failed_objects:
INFO:__main__:[]
INFO:__main__:Batch=6965 insertion done.

INFO:__main__:
Batch=6975 embedding kicks off:
INFO:__main__:Batch=6975 embedding done: set_question/response_embedded=10
INFO:httpx:HTTP Request: GET http://localhost:8080/v1/nodes "HTTP/1.1 200 OK"
INFO:__main__:golomtfaq.batch.failed_objects:
INFO:__main__:[]
INFO:__main__:Batch=6975 insertion done.

INFO:__main__:
Batch=6985 embedding kicks off:
INFO:__main__:Batch=6985 embedding done: set_question/response_embedded=10
INFO:httpx:HTTP Request: GET http://localhost:8080/v1/nodes "HTTP/1.1 200 OK"
INFO:__main__:golomtfaq.batch.failed_objects:
INFO:__main__:[]
INFO:__main__:Batch=6985 insertion done.

INFO:__main__:
Batch=6995 embedding kicks off:
INFO:__main__:Batch=6995 embedding done: set_question/response_embedded=10
INFO:httpx:HTTP Request: GET http://localhost:8080/v1/nodes "HTTP/1.1 200 OK"
INFO:__main__:golomtfaq.batch.failed_objects:
INFO:__main__:[]
INFO:__main__:Batch=6995 insertion done.

INFO:__main__:
Batch=7005 embedding kicks off:
INFO:__main__:Batch=7005 embedding done: set_question/response_embedded=10
INFO:httpx:HTTP Request: GET http://localhost:8080/v1/nodes "HTTP/1.1 200 OK"
INFO:__main__:golomtfaq.batch.failed_objects:
INFO:__main__:[]
INFO:__main__:Batch=7005 insertion done.

INFO:__main__:
Batch=7015 embedding kicks off:
INFO:__main__:Batch=7015 embedding done: set_question/response_embedded=10
INFO:httpx:HTTP Request: GET http://localhost:8080/v1/nodes "HTTP/1.1 200 OK"
INFO:__main__:golomtfaq.batch.failed_objects:
INFO:__main__:[]
INFO:__main__:Batch=7015 insertion done.

INFO:__main__:
Batch=7025 embedding kicks off:
INFO:__main__:Batch=7025 embedding done: set_question/response_embedded=10
INFO:httpx:HTTP Request: GET http://localhost:8080/v1/nodes "HTTP/1.1 200 OK"
INFO:__main__:golomtfaq.batch.failed_objects:
INFO:__main__:[]
INFO:__main__:Batch=7025 insertion done.

INFO:__main__:
Batch=7035 embedding kicks off:
INFO:__main__:Batch=7035 embedding done: set_question/response_embedded=10
INFO:httpx:HTTP Request: GET http://localhost:8080/v1/nodes "HTTP/1.1 200 OK"
INFO:__main__:golomtfaq.batch.failed_objects:
INFO:__main__:[]
INFO:__main__:Batch=7035 insertion done.

INFO:__main__:
Batch=7045 embedding kicks off:
INFO:__main__:Batch=7045 embedding done: set_question/response_embedded=10
INFO:httpx:HTTP Request: GET http://localhost:8080/v1/nodes "HTTP/1.1 200 OK"
INFO:__main__:golomtfaq.batch.failed_objects:
INFO:__main__:[]
INFO:__main__:Batch=7045 insertion done.

INFO:__main__:
Batch=7055 embedding kicks off:
INFO:__main__:Batch=7055 embedding done: set_question/response_embedded=10
INFO:httpx:HTTP Request: GET http://localhost:8080/v1/nodes "HTTP/1.1 200 OK"
INFO:__main__:golomtfaq.batch.failed_objects:
INFO:__main__:[]
INFO:__main__:Batch=7055 insertion done.

INFO:__main__:
Batch=7065 embedding kicks off:
INFO:__main__:Batch=7065 embedding done: set_question/response_embedded=10
INFO:httpx:HTTP Request: GET http://localhost:8080/v1/nodes "HTTP/1.1 200 OK"
INFO:__main__:golomtfaq.batch.failed_objects:
INFO:__main__:[]
INFO:__main__:Batch=7065 insertion done.

INFO:__main__:
Batch=7075 embedding kicks off:
INFO:__main__:Batch=7075 embedding done: set_question/response_embedded=10
INFO:httpx:HTTP Request: GET http://localhost:8080/v1/nodes "HTTP/1.1 200 OK"
INFO:__main__:golomtfaq.batch.failed_objects:
INFO:__main__:[]
INFO:__main__:Batch=7075 insertion done.

INFO:__main__:
Batch=7085 embedding kicks off:
INFO:__main__:Batch=7085 embedding done: set_question/response_embedded=10
INFO:httpx:HTTP Request: GET http://localhost:8080/v1/nodes "HTTP/1.1 200 OK"
INFO:__main__:golomtfaq.batch.failed_objects:
INFO:__main__:[]
INFO:__main__:Batch=7085 insertion done.

INFO:__main__:
Batch=7095 embedding kicks off:
INFO:__main__:Batch=7095 embedding done: set_question/response_embedded=10
INFO:httpx:HTTP Request: GET http://localhost:8080/v1/nodes "HTTP/1.1 200 OK"
INFO:__main__:golomtfaq.batch.failed_objects:
INFO:__main__:[]
INFO:__main__:Batch=7095 insertion done.

INFO:__main__:
Batch=7105 embedding kicks off:
INFO:__main__:Batch=7105 embedding done: set_question/response_embedded=10
INFO:httpx:HTTP Request: GET http://localhost:8080/v1/nodes "HTTP/1.1 200 OK"
INFO:__main__:golomtfaq.batch.failed_objects:
INFO:__main__:[]
INFO:__main__:Batch=7105 insertion done.

INFO:__main__:
Batch=7115 embedding kicks off:
INFO:__main__:Batch=7115 embedding done: set_question/response_embedded=10
INFO:httpx:HTTP Request: GET http://localhost:8080/v1/nodes "HTTP/1.1 200 OK"
INFO:__main__:golomtfaq.batch.failed_objects:
INFO:__main__:[]
INFO:__main__:Batch=7115 insertion done.

INFO:__main__:
Batch=7125 embedding kicks off:
INFO:__main__:Batch=7125 embedding done: set_question/response_embedded=10
INFO:httpx:HTTP Request: GET http://localhost:8080/v1/nodes "HTTP/1.1 200 OK"
INFO:__main__:golomtfaq.batch.failed_objects:
INFO:__main__:[]
INFO:__main__:Batch=7125 insertion done.

INFO:__main__:
Batch=7135 embedding kicks off:
INFO:__main__:Batch=7135 embedding done: set_question/response_embedded=10
INFO:httpx:HTTP Request: GET http://localhost:8080/v1/nodes "HTTP/1.1 200 OK"
INFO:__main__:golomtfaq.batch.failed_objects:
INFO:__main__:[]
INFO:__main__:Batch=7135 insertion done.

INFO:__main__:
Batch=7145 embedding kicks off:
INFO:__main__:Batch=7145 embedding done: set_question/response_embedded=10
INFO:httpx:HTTP Request: GET http://localhost:8080/v1/nodes "HTTP/1.1 200 OK"
INFO:__main__:golomtfaq.batch.failed_objects:
INFO:__main__:[]
INFO:__main__:Batch=7145 insertion done.

INFO:__main__:
Batch=7155 embedding kicks off:
INFO:__main__:Batch=7155 embedding done: set_question/response_embedded=10
INFO:httpx:HTTP Request: GET http://localhost:8080/v1/nodes "HTTP/1.1 200 OK"
INFO:__main__:golomtfaq.batch.failed_objects:
INFO:__main__:[]
INFO:__main__:Batch=7155 insertion done.

INFO:__main__:
Batch=7165 embedding kicks off:
INFO:__main__:Batch=7165 embedding done: set_question/response_embedded=10
INFO:httpx:HTTP Request: GET http://localhost:8080/v1/nodes "HTTP/1.1 200 OK"
INFO:__main__:golomtfaq.batch.failed_objects:
INFO:__main__:[]
INFO:__main__:Batch=7165 insertion done.

INFO:__main__:
Batch=7175 embedding kicks off:
INFO:__main__:Batch=7175 embedding done: set_question/response_embedded=10
INFO:httpx:HTTP Request: GET http://localhost:8080/v1/nodes "HTTP/1.1 200 OK"
INFO:__main__:golomtfaq.batch.failed_objects:
INFO:__main__:[]
INFO:__main__:Batch=7175 insertion done.

INFO:__main__:
Batch=7185 embedding kicks off:
INFO:__main__:Batch=7185 embedding done: set_question/response_embedded=10
INFO:httpx:HTTP Request: GET http://localhost:8080/v1/nodes "HTTP/1.1 200 OK"
INFO:__main__:golomtfaq.batch.failed_objects:
INFO:__main__:[]
INFO:__main__:Batch=7185 insertion done.

INFO:__main__:
Batch=7195 embedding kicks off:
INFO:__main__:Batch=7195 embedding done: set_question/response_embedded=10
INFO:httpx:HTTP Request: GET http://localhost:8080/v1/nodes "HTTP/1.1 200 OK"
INFO:__main__:golomtfaq.batch.failed_objects:
INFO:__main__:[]
INFO:__main__:Batch=7195 insertion done.

INFO:__main__:
Batch=7205 embedding kicks off:
INFO:__main__:Batch=7205 embedding done: set_question/response_embedded=10
INFO:httpx:HTTP Request: GET http://localhost:8080/v1/nodes "HTTP/1.1 200 OK"
INFO:__main__:golomtfaq.batch.failed_objects:
INFO:__main__:[]
INFO:__main__:Batch=7205 insertion done.

INFO:__main__:
Batch=7215 embedding kicks off:
INFO:__main__:Batch=7215 embedding done: set_question/response_embedded=10
INFO:httpx:HTTP Request: GET http://localhost:8080/v1/nodes "HTTP/1.1 200 OK"
INFO:__main__:golomtfaq.batch.failed_objects:
INFO:__main__:[]
INFO:__main__:Batch=7215 insertion done.

INFO:__main__:
Batch=7225 embedding kicks off:
INFO:__main__:Batch=7225 embedding done: set_question/response_embedded=10
INFO:httpx:HTTP Request: GET http://localhost:8080/v1/nodes "HTTP/1.1 200 OK"
INFO:__main__:golomtfaq.batch.failed_objects:
INFO:__main__:[]
INFO:__main__:Batch=7225 insertion done.

INFO:__main__:
Batch=7235 embedding kicks off:
INFO:__main__:Batch=7235 embedding done: set_question/response_embedded=10
INFO:httpx:HTTP Request: GET http://localhost:8080/v1/nodes "HTTP/1.1 200 OK"
INFO:__main__:golomtfaq.batch.failed_objects:
INFO:__main__:[]
INFO:__main__:Batch=7235 insertion done.

INFO:__main__:
Batch=7245 embedding kicks off:
INFO:__main__:Batch=7245 embedding done: set_question/response_embedded=10
INFO:httpx:HTTP Request: GET http://localhost:8080/v1/nodes "HTTP/1.1 200 OK"
INFO:__main__:golomtfaq.batch.failed_objects:
INFO:__main__:[]
INFO:__main__:Batch=7245 insertion done.

INFO:__main__:
Batch=7255 embedding kicks off:
INFO:__main__:Batch=7255 embedding done: set_question/response_embedded=10
INFO:httpx:HTTP Request: GET http://localhost:8080/v1/nodes "HTTP/1.1 200 OK"
INFO:__main__:golomtfaq.batch.failed_objects:
INFO:__main__:[]
INFO:__main__:Batch=7255 insertion done.

INFO:__main__:
Batch=7265 embedding kicks off:
INFO:__main__:Batch=7265 embedding done: set_question/response_embedded=10
INFO:httpx:HTTP Request: GET http://localhost:8080/v1/nodes "HTTP/1.1 200 OK"
INFO:__main__:golomtfaq.batch.failed_objects:
INFO:__main__:[]
INFO:__main__:Batch=7265 insertion done.

INFO:__main__:
Batch=7275 embedding kicks off:
INFO:__main__:Batch=7275 embedding done: set_question/response_embedded=10
INFO:httpx:HTTP Request: GET http://localhost:8080/v1/nodes "HTTP/1.1 200 OK"
INFO:__main__:golomtfaq.batch.failed_objects:
INFO:__main__:[]
INFO:__main__:Batch=7275 insertion done.

INFO:__main__:
Batch=7285 embedding kicks off:
INFO:__main__:Batch=7285 embedding done: set_question/response_embedded=10
INFO:httpx:HTTP Request: GET http://localhost:8080/v1/nodes "HTTP/1.1 200 OK"
INFO:__main__:golomtfaq.batch.failed_objects:
INFO:__main__:[]
INFO:__main__:Batch=7285 insertion done.

INFO:__main__:
Batch=7295 embedding kicks off:
INFO:__main__:Batch=7295 embedding done: set_question/response_embedded=10
INFO:httpx:HTTP Request: GET http://localhost:8080/v1/nodes "HTTP/1.1 200 OK"
INFO:__main__:golomtfaq.batch.failed_objects:
INFO:__main__:[]
INFO:__main__:Batch=7295 insertion done.

INFO:__main__:
Batch=7305 embedding kicks off:
INFO:__main__:Batch=7305 embedding done: set_question/response_embedded=10
INFO:httpx:HTTP Request: GET http://localhost:8080/v1/nodes "HTTP/1.1 200 OK"
INFO:__main__:golomtfaq.batch.failed_objects:
INFO:__main__:[]
INFO:__main__:Batch=7305 insertion done.

INFO:__main__:
Batch=7315 embedding kicks off:
INFO:__main__:Batch=7315 embedding done: set_question/response_embedded=10
INFO:httpx:HTTP Request: GET http://localhost:8080/v1/nodes "HTTP/1.1 200 OK"
INFO:__main__:golomtfaq.batch.failed_objects:
INFO:__main__:[]
INFO:__main__:Batch=7315 insertion done.

INFO:__main__:
Batch=7325 embedding kicks off:
INFO:__main__:Batch=7325 embedding done: set_question/response_embedded=10
INFO:httpx:HTTP Request: GET http://localhost:8080/v1/nodes "HTTP/1.1 200 OK"
INFO:__main__:golomtfaq.batch.failed_objects:
INFO:__main__:[]
INFO:__main__:Batch=7325 insertion done.

INFO:__main__:
Batch=7335 embedding kicks off:
INFO:__main__:Batch=7335 embedding done: set_question/response_embedded=10
INFO:httpx:HTTP Request: GET http://localhost:8080/v1/nodes "HTTP/1.1 200 OK"
INFO:__main__:golomtfaq.batch.failed_objects:
INFO:__main__:[]
INFO:__main__:Batch=7335 insertion done.

INFO:__main__:
Batch=7345 embedding kicks off:
INFO:__main__:Batch=7345 embedding done: set_question/response_embedded=10
INFO:httpx:HTTP Request: GET http://localhost:8080/v1/nodes "HTTP/1.1 200 OK"
INFO:__main__:golomtfaq.batch.failed_objects:
INFO:__main__:[]
INFO:__main__:Batch=7345 insertion done.

INFO:__main__:
Batch=7355 embedding kicks off:
INFO:__main__:Batch=7355 embedding done: set_question/response_embedded=10
INFO:httpx:HTTP Request: GET http://localhost:8080/v1/nodes "HTTP/1.1 200 OK"
INFO:__main__:golomtfaq.batch.failed_objects:
INFO:__main__:[]
INFO:__main__:Batch=7355 insertion done.

INFO:__main__:
Batch=7365 embedding kicks off:
INFO:__main__:Batch=7365 embedding done: set_question/response_embedded=10
INFO:httpx:HTTP Request: GET http://localhost:8080/v1/nodes "HTTP/1.1 200 OK"
INFO:__main__:golomtfaq.batch.failed_objects:
INFO:__main__:[]
INFO:__main__:Batch=7365 insertion done.

INFO:__main__:
Batch=7375 embedding kicks off:
INFO:__main__:Batch=7375 embedding done: set_question/response_embedded=10
INFO:httpx:HTTP Request: GET http://localhost:8080/v1/nodes "HTTP/1.1 200 OK"
INFO:__main__:golomtfaq.batch.failed_objects:
INFO:__main__:[]
INFO:__main__:Batch=7375 insertion done.

INFO:__main__:
Batch=7385 embedding kicks off:
INFO:__main__:Batch=7385 embedding done: set_question/response_embedded=10
INFO:httpx:HTTP Request: GET http://localhost:8080/v1/nodes "HTTP/1.1 200 OK"
INFO:__main__:golomtfaq.batch.failed_objects:
INFO:__main__:[]
INFO:__main__:Batch=7385 insertion done.

INFO:__main__:
Batch=7395 embedding kicks off:
INFO:__main__:Batch=7395 embedding done: set_question/response_embedded=10
INFO:httpx:HTTP Request: GET http://localhost:8080/v1/nodes "HTTP/1.1 200 OK"
INFO:__main__:golomtfaq.batch.failed_objects:
INFO:__main__:[]
INFO:__main__:Batch=7395 insertion done.

INFO:__main__:
Batch=7405 embedding kicks off:
INFO:__main__:Batch=7405 embedding done: set_question/response_embedded=10
INFO:httpx:HTTP Request: GET http://localhost:8080/v1/nodes "HTTP/1.1 200 OK"
INFO:__main__:golomtfaq.batch.failed_objects:
INFO:__main__:[]
INFO:__main__:Batch=7405 insertion done.

INFO:__main__:
Batch=7415 embedding kicks off:
INFO:__main__:Batch=7415 embedding done: set_question/response_embedded=10
INFO:httpx:HTTP Request: GET http://localhost:8080/v1/nodes "HTTP/1.1 200 OK"
INFO:__main__:golomtfaq.batch.failed_objects:
INFO:__main__:[]
INFO:__main__:Batch=7415 insertion done.

INFO:__main__:
Batch=7425 embedding kicks off:
INFO:__main__:Batch=7425 embedding done: set_question/response_embedded=10
INFO:httpx:HTTP Request: GET http://localhost:8080/v1/nodes "HTTP/1.1 200 OK"
INFO:__main__:golomtfaq.batch.failed_objects:
INFO:__main__:[]
INFO:__main__:Batch=7425 insertion done.

INFO:__main__:
Batch=7435 embedding kicks off:
INFO:__main__:Batch=7435 embedding done: set_question/response_embedded=10
INFO:httpx:HTTP Request: GET http://localhost:8080/v1/nodes "HTTP/1.1 200 OK"
INFO:__main__:golomtfaq.batch.failed_objects:
INFO:__main__:[]
INFO:__main__:Batch=7435 insertion done.

INFO:__main__:
Batch=7445 embedding kicks off:
INFO:__main__:Batch=7445 embedding done: set_question/response_embedded=10
INFO:httpx:HTTP Request: GET http://localhost:8080/v1/nodes "HTTP/1.1 200 OK"
INFO:__main__:golomtfaq.batch.failed_objects:
INFO:__main__:[]
INFO:__main__:Batch=7445 insertion done.

INFO:__main__:
Batch=7455 embedding kicks off:
INFO:__main__:Batch=7455 embedding done: set_question/response_embedded=10
INFO:httpx:HTTP Request: GET http://localhost:8080/v1/nodes "HTTP/1.1 200 OK"
INFO:__main__:golomtfaq.batch.failed_objects:
INFO:__main__:[]
INFO:__main__:Batch=7455 insertion done.

INFO:__main__:
Batch=7465 embedding kicks off:
INFO:__main__:Batch=7465 embedding done: set_question/response_embedded=10
INFO:httpx:HTTP Request: GET http://localhost:8080/v1/nodes "HTTP/1.1 200 OK"
INFO:__main__:golomtfaq.batch.failed_objects:
INFO:__main__:[]
INFO:__main__:Batch=7465 insertion done.

INFO:__main__:
Batch=7475 embedding kicks off:
INFO:__main__:Batch=7475 embedding done: set_question/response_embedded=10
INFO:httpx:HTTP Request: GET http://localhost:8080/v1/nodes "HTTP/1.1 200 OK"
INFO:__main__:golomtfaq.batch.failed_objects:
INFO:__main__:[]
INFO:__main__:Batch=7475 insertion done.

INFO:__main__:
Batch=7485 embedding kicks off:
INFO:__main__:Batch=7485 embedding done: set_question/response_embedded=10
INFO:httpx:HTTP Request: GET http://localhost:8080/v1/nodes "HTTP/1.1 200 OK"
INFO:__main__:golomtfaq.batch.failed_objects:
INFO:__main__:[]
INFO:__main__:Batch=7485 insertion done.

INFO:__main__:
Batch=7495 embedding kicks off:
INFO:__main__:Batch=7495 embedding done: set_question/response_embedded=10
INFO:httpx:HTTP Request: GET http://localhost:8080/v1/nodes "HTTP/1.1 200 OK"
INFO:__main__:golomtfaq.batch.failed_objects:
INFO:__main__:[]
INFO:__main__:Batch=7495 insertion done.

INFO:__main__:
Batch=7505 embedding kicks off:
INFO:__main__:Batch=7505 embedding done: set_question/response_embedded=10
INFO:httpx:HTTP Request: GET http://localhost:8080/v1/nodes "HTTP/1.1 200 OK"
INFO:__main__:golomtfaq.batch.failed_objects:
INFO:__main__:[]
INFO:__main__:Batch=7505 insertion done.

INFO:__main__:
Batch=7515 embedding kicks off:
INFO:__main__:Batch=7515 embedding done: set_question/response_embedded=10
INFO:httpx:HTTP Request: GET http://localhost:8080/v1/nodes "HTTP/1.1 200 OK"
INFO:__main__:golomtfaq.batch.failed_objects:
INFO:__main__:[]
INFO:__main__:Batch=7515 insertion done.

INFO:__main__:
Batch=7525 embedding kicks off:
INFO:__main__:Batch=7525 embedding done: set_question/response_embedded=10
INFO:httpx:HTTP Request: GET http://localhost:8080/v1/nodes "HTTP/1.1 200 OK"
INFO:__main__:golomtfaq.batch.failed_objects:
INFO:__main__:[]
INFO:__main__:Batch=7525 insertion done.

INFO:__main__:
Batch=7535 embedding kicks off:
INFO:__main__:Batch=7535 embedding done: set_question/response_embedded=10
INFO:httpx:HTTP Request: GET http://localhost:8080/v1/nodes "HTTP/1.1 200 OK"
INFO:__main__:golomtfaq.batch.failed_objects:
INFO:__main__:[]
INFO:__main__:Batch=7535 insertion done.

INFO:__main__:
Batch=7545 embedding kicks off:
INFO:__main__:Batch=7545 embedding done: set_question/response_embedded=10
INFO:httpx:HTTP Request: GET http://localhost:8080/v1/nodes "HTTP/1.1 200 OK"
INFO:__main__:golomtfaq.batch.failed_objects:
INFO:__main__:[]
INFO:__main__:Batch=7545 insertion done.

INFO:__main__:
Batch=7555 embedding kicks off:
INFO:__main__:Batch=7555 embedding done: set_question/response_embedded=10
INFO:httpx:HTTP Request: GET http://localhost:8080/v1/nodes "HTTP/1.1 200 OK"
INFO:__main__:golomtfaq.batch.failed_objects:
INFO:__main__:[]
INFO:__main__:Batch=7555 insertion done.

INFO:__main__:
Batch=7565 embedding kicks off:
INFO:__main__:Batch=7565 embedding done: set_question/response_embedded=10
INFO:httpx:HTTP Request: GET http://localhost:8080/v1/nodes "HTTP/1.1 200 OK"
INFO:__main__:golomtfaq.batch.failed_objects:
INFO:__main__:[]
INFO:__main__:Batch=7565 insertion done.

INFO:__main__:
Batch=7575 embedding kicks off:
INFO:__main__:Batch=7575 embedding done: set_question/response_embedded=10
INFO:httpx:HTTP Request: GET http://localhost:8080/v1/nodes "HTTP/1.1 200 OK"
INFO:__main__:golomtfaq.batch.failed_objects:
INFO:__main__:[]
INFO:__main__:Batch=7575 insertion done.

INFO:__main__:
Batch=7585 embedding kicks off:
INFO:__main__:Batch=7585 embedding done: set_question/response_embedded=10
INFO:httpx:HTTP Request: GET http://localhost:8080/v1/nodes "HTTP/1.1 200 OK"
INFO:__main__:golomtfaq.batch.failed_objects:
INFO:__main__:[]
INFO:__main__:Batch=7585 insertion done.

INFO:__main__:
Batch=7595 embedding kicks off:
INFO:__main__:Batch=7595 embedding done: set_question/response_embedded=10
INFO:httpx:HTTP Request: GET http://localhost:8080/v1/nodes "HTTP/1.1 200 OK"
INFO:__main__:golomtfaq.batch.failed_objects:
INFO:__main__:[]
INFO:__main__:Batch=7595 insertion done.

INFO:__main__:
Batch=7605 embedding kicks off:
INFO:__main__:Batch=7605 embedding done: set_question/response_embedded=10
INFO:httpx:HTTP Request: GET http://localhost:8080/v1/nodes "HTTP/1.1 200 OK"
INFO:__main__:golomtfaq.batch.failed_objects:
INFO:__main__:[]
INFO:__main__:Batch=7605 insertion done.

INFO:__main__:
Batch=7615 embedding kicks off:
INFO:__main__:Batch=7615 embedding done: set_question/response_embedded=10
INFO:httpx:HTTP Request: GET http://localhost:8080/v1/nodes "HTTP/1.1 200 OK"
INFO:__main__:golomtfaq.batch.failed_objects:
INFO:__main__:[]
INFO:__main__:Batch=7615 insertion done.

INFO:__main__:
Batch=7625 embedding kicks off:
INFO:__main__:Batch=7625 embedding done: set_question/response_embedded=10
INFO:httpx:HTTP Request: GET http://localhost:8080/v1/nodes "HTTP/1.1 200 OK"
INFO:__main__:golomtfaq.batch.failed_objects:
INFO:__main__:[]
INFO:__main__:Batch=7625 insertion done.

INFO:__main__:
Batch=7635 embedding kicks off:
INFO:__main__:Batch=7635 embedding done: set_question/response_embedded=10
INFO:httpx:HTTP Request: GET http://localhost:8080/v1/nodes "HTTP/1.1 200 OK"
INFO:__main__:golomtfaq.batch.failed_objects:
INFO:__main__:[]
INFO:__main__:Batch=7635 insertion done.

INFO:__main__:
Batch=7645 embedding kicks off:
INFO:__main__:Batch=7645 embedding done: set_question/response_embedded=10
INFO:httpx:HTTP Request: GET http://localhost:8080/v1/nodes "HTTP/1.1 200 OK"
INFO:__main__:golomtfaq.batch.failed_objects:
INFO:__main__:[]
INFO:__main__:Batch=7645 insertion done.

INFO:__main__:
Batch=7655 embedding kicks off:
INFO:__main__:Batch=7655 embedding done: set_question/response_embedded=10
INFO:httpx:HTTP Request: GET http://localhost:8080/v1/nodes "HTTP/1.1 200 OK"
INFO:__main__:golomtfaq.batch.failed_objects:
INFO:__main__:[]
INFO:__main__:Batch=7655 insertion done.

INFO:__main__:
Batch=7665 embedding kicks off:
INFO:__main__:Batch=7665 embedding done: set_question/response_embedded=10
INFO:httpx:HTTP Request: GET http://localhost:8080/v1/nodes "HTTP/1.1 200 OK"
INFO:__main__:golomtfaq.batch.failed_objects:
INFO:__main__:[]
INFO:__main__:Batch=7665 insertion done.

INFO:__main__:
Batch=7675 embedding kicks off:
INFO:__main__:Batch=7675 embedding done: set_question/response_embedded=10
INFO:httpx:HTTP Request: GET http://localhost:8080/v1/nodes "HTTP/1.1 200 OK"
INFO:__main__:golomtfaq.batch.failed_objects:
INFO:__main__:[]
INFO:__main__:Batch=7675 insertion done.

INFO:__main__:
Batch=7685 embedding kicks off:
INFO:__main__:Batch=7685 embedding done: set_question/response_embedded=10
INFO:httpx:HTTP Request: GET http://localhost:8080/v1/nodes "HTTP/1.1 200 OK"
INFO:__main__:golomtfaq.batch.failed_objects:
INFO:__main__:[]
INFO:__main__:Batch=7685 insertion done.

INFO:__main__:
Batch=7695 embedding kicks off:
INFO:__main__:Batch=7695 embedding done: set_question/response_embedded=10
INFO:httpx:HTTP Request: GET http://localhost:8080/v1/nodes "HTTP/1.1 200 OK"
INFO:__main__:golomtfaq.batch.failed_objects:
INFO:__main__:[]
INFO:__main__:Batch=7695 insertion done.

INFO:__main__:
Batch=7705 embedding kicks off:
INFO:__main__:Batch=7705 embedding done: set_question/response_embedded=10
INFO:httpx:HTTP Request: GET http://localhost:8080/v1/nodes "HTTP/1.1 200 OK"
INFO:__main__:golomtfaq.batch.failed_objects:
INFO:__main__:[]
INFO:__main__:Batch=7705 insertion done.

INFO:__main__:
Batch=7715 embedding kicks off:
INFO:__main__:Batch=7715 embedding done: set_question/response_embedded=10
INFO:httpx:HTTP Request: GET http://localhost:8080/v1/nodes "HTTP/1.1 200 OK"
INFO:__main__:golomtfaq.batch.failed_objects:
INFO:__main__:[]
INFO:__main__:Batch=7715 insertion done.

INFO:__main__:
Batch=7725 embedding kicks off:
INFO:__main__:Batch=7725 embedding done: set_question/response_embedded=10
INFO:httpx:HTTP Request: GET http://localhost:8080/v1/nodes "HTTP/1.1 200 OK"
INFO:__main__:golomtfaq.batch.failed_objects:
INFO:__main__:[]
INFO:__main__:Batch=7725 insertion done.

INFO:__main__:
Batch=7735 embedding kicks off:
INFO:__main__:Batch=7735 embedding done: set_question/response_embedded=10
INFO:httpx:HTTP Request: GET http://localhost:8080/v1/nodes "HTTP/1.1 200 OK"
INFO:__main__:golomtfaq.batch.failed_objects:
INFO:__main__:[]
INFO:__main__:Batch=7735 insertion done.

INFO:__main__:
Batch=7745 embedding kicks off:
INFO:__main__:Batch=7745 embedding done: set_question/response_embedded=10
INFO:httpx:HTTP Request: GET http://localhost:8080/v1/nodes "HTTP/1.1 200 OK"
INFO:__main__:golomtfaq.batch.failed_objects:
INFO:__main__:[]
INFO:__main__:Batch=7745 insertion done.

INFO:__main__:
Batch=7755 embedding kicks off:
INFO:__main__:Batch=7755 embedding done: set_question/response_embedded=10
INFO:httpx:HTTP Request: GET http://localhost:8080/v1/nodes "HTTP/1.1 200 OK"
INFO:__main__:golomtfaq.batch.failed_objects:
INFO:__main__:[]
INFO:__main__:Batch=7755 insertion done.

INFO:__main__:
Batch=7765 embedding kicks off:
INFO:__main__:Batch=7765 embedding done: set_question/response_embedded=10
INFO:httpx:HTTP Request: GET http://localhost:8080/v1/nodes "HTTP/1.1 200 OK"
INFO:__main__:golomtfaq.batch.failed_objects:
INFO:__main__:[]
INFO:__main__:Batch=7765 insertion done.

INFO:__main__:
Batch=7775 embedding kicks off:
INFO:__main__:Batch=7775 embedding done: set_question/response_embedded=10
INFO:httpx:HTTP Request: GET http://localhost:8080/v1/nodes "HTTP/1.1 200 OK"
INFO:__main__:golomtfaq.batch.failed_objects:
INFO:__main__:[]
INFO:__main__:Batch=7775 insertion done.

INFO:__main__:
Batch=7785 embedding kicks off:
INFO:__main__:Batch=7785 embedding done: set_question/response_embedded=10
INFO:httpx:HTTP Request: GET http://localhost:8080/v1/nodes "HTTP/1.1 200 OK"
INFO:__main__:golomtfaq.batch.failed_objects:
INFO:__main__:[]
INFO:__main__:Batch=7785 insertion done.

INFO:__main__:
Batch=7795 embedding kicks off:
INFO:__main__:Batch=7795 embedding done: set_question/response_embedded=10
INFO:httpx:HTTP Request: GET http://localhost:8080/v1/nodes "HTTP/1.1 200 OK"
INFO:__main__:golomtfaq.batch.failed_objects:
INFO:__main__:[]
INFO:__main__:Batch=7795 insertion done.

INFO:__main__:
Batch=7805 embedding kicks off:
INFO:__main__:Batch=7805 embedding done: set_question/response_embedded=10
INFO:httpx:HTTP Request: GET http://localhost:8080/v1/nodes "HTTP/1.1 200 OK"
INFO:__main__:golomtfaq.batch.failed_objects:
INFO:__main__:[]
INFO:__main__:Batch=7805 insertion done.

INFO:__main__:
Batch=7815 embedding kicks off:
INFO:__main__:Batch=7815 embedding done: set_question/response_embedded=10
INFO:httpx:HTTP Request: GET http://localhost:8080/v1/nodes "HTTP/1.1 200 OK"
INFO:__main__:golomtfaq.batch.failed_objects:
INFO:__main__:[]
INFO:__main__:Batch=7815 insertion done.

INFO:__main__:
Batch=7825 embedding kicks off:
INFO:__main__:Batch=7825 embedding done: set_question/response_embedded=10
INFO:httpx:HTTP Request: GET http://localhost:8080/v1/nodes "HTTP/1.1 200 OK"
INFO:__main__:golomtfaq.batch.failed_objects:
INFO:__main__:[]
INFO:__main__:Batch=7825 insertion done.

INFO:__main__:
Batch=7835 embedding kicks off:
INFO:__main__:Batch=7835 embedding done: set_question/response_embedded=10
INFO:httpx:HTTP Request: GET http://localhost:8080/v1/nodes "HTTP/1.1 200 OK"
INFO:__main__:golomtfaq.batch.failed_objects:
INFO:__main__:[]
INFO:__main__:Batch=7835 insertion done.

INFO:__main__:
Batch=7845 embedding kicks off:
INFO:__main__:Batch=7845 embedding done: set_question/response_embedded=10
INFO:httpx:HTTP Request: GET http://localhost:8080/v1/nodes "HTTP/1.1 200 OK"
INFO:__main__:golomtfaq.batch.failed_objects:
INFO:__main__:[]
INFO:__main__:Batch=7845 insertion done.

INFO:__main__:
Batch=7855 embedding kicks off:
INFO:__main__:Batch=7855 embedding done: set_question/response_embedded=10
INFO:httpx:HTTP Request: GET http://localhost:8080/v1/nodes "HTTP/1.1 200 OK"
INFO:__main__:golomtfaq.batch.failed_objects:
INFO:__main__:[]
INFO:__main__:Batch=7855 insertion done.

INFO:__main__:
Batch=7865 embedding kicks off:
INFO:__main__:Batch=7865 embedding done: set_question/response_embedded=10
INFO:httpx:HTTP Request: GET http://localhost:8080/v1/nodes "HTTP/1.1 200 OK"
INFO:__main__:golomtfaq.batch.failed_objects:
INFO:__main__:[]
INFO:__main__:Batch=7865 insertion done.

INFO:__main__:
Batch=7875 embedding kicks off:
INFO:__main__:Batch=7875 embedding done: set_question/response_embedded=10
INFO:httpx:HTTP Request: GET http://localhost:8080/v1/nodes "HTTP/1.1 200 OK"
INFO:__main__:golomtfaq.batch.failed_objects:
INFO:__main__:[]
INFO:__main__:Batch=7875 insertion done.

INFO:__main__:
Batch=7885 embedding kicks off:
INFO:__main__:Batch=7885 embedding done: set_question/response_embedded=10
INFO:httpx:HTTP Request: GET http://localhost:8080/v1/nodes "HTTP/1.1 200 OK"
INFO:__main__:golomtfaq.batch.failed_objects:
INFO:__main__:[]
INFO:__main__:Batch=7885 insertion done.

INFO:__main__:
Batch=7895 embedding kicks off:
INFO:__main__:Batch=7895 embedding done: set_question/response_embedded=10
INFO:httpx:HTTP Request: GET http://localhost:8080/v1/nodes "HTTP/1.1 200 OK"
INFO:__main__:golomtfaq.batch.failed_objects:
INFO:__main__:[]
INFO:__main__:Batch=7895 insertion done.

INFO:__main__:
Batch=7905 embedding kicks off:
INFO:__main__:Batch=7905 embedding done: set_question/response_embedded=10
INFO:httpx:HTTP Request: GET http://localhost:8080/v1/nodes "HTTP/1.1 200 OK"
INFO:__main__:golomtfaq.batch.failed_objects:
INFO:__main__:[]
INFO:__main__:Batch=7905 insertion done.

INFO:__main__:
Batch=7915 embedding kicks off:
INFO:__main__:Batch=7915 embedding done: set_question/response_embedded=10
INFO:httpx:HTTP Request: GET http://localhost:8080/v1/nodes "HTTP/1.1 200 OK"
INFO:__main__:golomtfaq.batch.failed_objects:
INFO:__main__:[]
INFO:__main__:Batch=7915 insertion done.

INFO:__main__:
Batch=7925 embedding kicks off:
INFO:__main__:Batch=7925 embedding done: set_question/response_embedded=10
INFO:httpx:HTTP Request: GET http://localhost:8080/v1/nodes "HTTP/1.1 200 OK"
INFO:__main__:golomtfaq.batch.failed_objects:
INFO:__main__:[]
INFO:__main__:Batch=7925 insertion done.

INFO:__main__:
Batch=7935 embedding kicks off:
INFO:__main__:Batch=7935 embedding done: set_question/response_embedded=10
INFO:httpx:HTTP Request: GET http://localhost:8080/v1/nodes "HTTP/1.1 200 OK"
INFO:__main__:golomtfaq.batch.failed_objects:
INFO:__main__:[]
INFO:__main__:Batch=7935 insertion done.

INFO:__main__:
Batch=7945 embedding kicks off:
INFO:__main__:Batch=7945 embedding done: set_question/response_embedded=10
INFO:httpx:HTTP Request: GET http://localhost:8080/v1/nodes "HTTP/1.1 200 OK"
INFO:__main__:golomtfaq.batch.failed_objects:
INFO:__main__:[]
INFO:__main__:Batch=7945 insertion done.

INFO:__main__:
Batch=7955 embedding kicks off:
INFO:__main__:Batch=7955 embedding done: set_question/response_embedded=10
INFO:httpx:HTTP Request: GET http://localhost:8080/v1/nodes "HTTP/1.1 200 OK"
INFO:__main__:golomtfaq.batch.failed_objects:
INFO:__main__:[]
INFO:__main__:Batch=7955 insertion done.

INFO:__main__:
Batch=7965 embedding kicks off:
INFO:__main__:Batch=7965 embedding done: set_question/response_embedded=10
INFO:httpx:HTTP Request: GET http://localhost:8080/v1/nodes "HTTP/1.1 200 OK"
INFO:__main__:golomtfaq.batch.failed_objects:
INFO:__main__:[]
INFO:__main__:Batch=7965 insertion done.

INFO:__main__:
Batch=7975 embedding kicks off:
INFO:__main__:Batch=7975 embedding done: set_question/response_embedded=10
INFO:httpx:HTTP Request: GET http://localhost:8080/v1/nodes "HTTP/1.1 200 OK"
INFO:__main__:golomtfaq.batch.failed_objects:
INFO:__main__:[]
INFO:__main__:Batch=7975 insertion done.

INFO:__main__:
Batch=7985 embedding kicks off:
INFO:__main__:Batch=7985 embedding done: set_question/response_embedded=10
INFO:httpx:HTTP Request: GET http://localhost:8080/v1/nodes "HTTP/1.1 200 OK"
INFO:__main__:golomtfaq.batch.failed_objects:
INFO:__main__:[]
INFO:__main__:Batch=7985 insertion done.

INFO:__main__:
Batch=7995 embedding kicks off:
INFO:__main__:Batch=7995 embedding done: set_question/response_embedded=10
INFO:httpx:HTTP Request: GET http://localhost:8080/v1/nodes "HTTP/1.1 200 OK"
INFO:__main__:golomtfaq.batch.failed_objects:
INFO:__main__:[]
INFO:__main__:Batch=7995 insertion done.

INFO:__main__:
Batch=8005 embedding kicks off:
INFO:__main__:Batch=8005 embedding done: set_question/response_embedded=10
INFO:httpx:HTTP Request: GET http://localhost:8080/v1/nodes "HTTP/1.1 200 OK"
INFO:__main__:golomtfaq.batch.failed_objects:
INFO:__main__:[]
INFO:__main__:Batch=8005 insertion done.

INFO:__main__:
Batch=8015 embedding kicks off:
INFO:__main__:Batch=8015 embedding done: set_question/response_embedded=10
INFO:httpx:HTTP Request: GET http://localhost:8080/v1/nodes "HTTP/1.1 200 OK"
INFO:__main__:golomtfaq.batch.failed_objects:
INFO:__main__:[]
INFO:__main__:Batch=8015 insertion done.

INFO:__main__:
Batch=8025 embedding kicks off:
INFO:__main__:Batch=8025 embedding done: set_question/response_embedded=10
INFO:httpx:HTTP Request: GET http://localhost:8080/v1/nodes "HTTP/1.1 200 OK"
INFO:__main__:golomtfaq.batch.failed_objects:
INFO:__main__:[]
INFO:__main__:Batch=8025 insertion done.

INFO:__main__:
Batch=8035 embedding kicks off:
INFO:__main__:Batch=8035 embedding done: set_question/response_embedded=10
INFO:httpx:HTTP Request: GET http://localhost:8080/v1/nodes "HTTP/1.1 200 OK"
INFO:__main__:golomtfaq.batch.failed_objects:
INFO:__main__:[]
INFO:__main__:Batch=8035 insertion done.

INFO:__main__:
Batch=8045 embedding kicks off:
INFO:__main__:Batch=8045 embedding done: set_question/response_embedded=10
INFO:httpx:HTTP Request: GET http://localhost:8080/v1/nodes "HTTP/1.1 200 OK"
INFO:__main__:golomtfaq.batch.failed_objects:
INFO:__main__:[]
INFO:__main__:Batch=8045 insertion done.

INFO:__main__:
Batch=8055 embedding kicks off:
INFO:__main__:Batch=8055 embedding done: set_question/response_embedded=10
INFO:httpx:HTTP Request: GET http://localhost:8080/v1/nodes "HTTP/1.1 200 OK"
INFO:__main__:golomtfaq.batch.failed_objects:
INFO:__main__:[]
INFO:__main__:Batch=8055 insertion done.

INFO:__main__:
Batch=8065 embedding kicks off:
INFO:__main__:Batch=8065 embedding done: set_question/response_embedded=10
INFO:httpx:HTTP Request: GET http://localhost:8080/v1/nodes "HTTP/1.1 200 OK"
INFO:__main__:golomtfaq.batch.failed_objects:
INFO:__main__:[]
INFO:__main__:Batch=8065 insertion done.

INFO:__main__:
Batch=8075 embedding kicks off:
INFO:__main__:Batch=8075 embedding done: set_question/response_embedded=10
INFO:httpx:HTTP Request: GET http://localhost:8080/v1/nodes "HTTP/1.1 200 OK"
INFO:__main__:golomtfaq.batch.failed_objects:
INFO:__main__:[]
INFO:__main__:Batch=8075 insertion done.

INFO:__main__:
Batch=8085 embedding kicks off:
INFO:__main__:Batch=8085 embedding done: set_question/response_embedded=10
INFO:httpx:HTTP Request: GET http://localhost:8080/v1/nodes "HTTP/1.1 200 OK"
INFO:__main__:golomtfaq.batch.failed_objects:
INFO:__main__:[]
INFO:__main__:Batch=8085 insertion done.

INFO:__main__:
Batch=8095 embedding kicks off:
INFO:__main__:Batch=8095 embedding done: set_question/response_embedded=10
INFO:httpx:HTTP Request: GET http://localhost:8080/v1/nodes "HTTP/1.1 200 OK"
INFO:__main__:golomtfaq.batch.failed_objects:
INFO:__main__:[]
INFO:__main__:Batch=8095 insertion done.

INFO:__main__:
Batch=8105 embedding kicks off:
INFO:__main__:Batch=8105 embedding done: set_question/response_embedded=10
INFO:httpx:HTTP Request: GET http://localhost:8080/v1/nodes "HTTP/1.1 200 OK"
INFO:__main__:golomtfaq.batch.failed_objects:
INFO:__main__:[]
INFO:__main__:Batch=8105 insertion done.

INFO:__main__:
Batch=8115 embedding kicks off:
INFO:__main__:Batch=8115 embedding done: set_question/response_embedded=5
INFO:httpx:HTTP Request: GET http://localhost:8080/v1/nodes "HTTP/1.1 200 OK"
INFO:__main__:golomtfaq.batch.failed_objects:
INFO:__main__:[]
INFO:__main__:Batch=8115 insertion done.

INFO:__main__:Data import executed so far.
